This file contains any messages produced by compilers while
running configure, to aid debugging if configure makes a mistake.

It was created by libmemcached configure 0.32, which was
generated by GNU Autoconf 2.69.  Invocation command line was

  $ ./configure --prefix=/Users/arthurnn/src/memcached/ext/rlibmemcached --libdir=/Users/arthurnn/src/memcached/ext/rlibmemcached/lib --without-memcached --disable-shared --disable-utils --disable-dependency-tracking CC=clang

## --------- ##
## Platform. ##
## --------- ##

hostname = snowball
uname -m = x86_64
uname -r = 15.3.0
uname -s = Darwin
uname -v = Darwin Kernel Version 15.3.0: Thu Dec 10 18:40:58 PST 2015; root:xnu-3248.30.4~1/RELEASE_X86_64

/usr/bin/uname -p = i386
/bin/uname -X     = unknown

/bin/arch              = unknown
/usr/bin/arch -k       = unknown
/usr/convex/getsysinfo = unknown
/usr/bin/hostinfo      = Mach kernel version:
	 Darwin Kernel Version 15.3.0: Thu Dec 10 18:40:58 PST 2015; root:xnu-3248.30.4~1/RELEASE_X86_64
Kernel configured for up to 4 processors.
2 processors are physically available.
4 processors are logically available.
Processor type: x86_64h (Intel x86-64h Haswell)
Processors active: 0 1 2 3
Primary memory available: 8.00 gigabytes
Default processor set: 302 tasks, 1613 threads, 4 processors
Load average: 2.78, Mach factor: 1.79
/bin/machine           = unknown
/usr/bin/oslevel       = unknown
/bin/universe          = unknown

PATH: /Users/arthurnn/.gem/ruby/2.1.7/bin
PATH: /Users/arthurnn/.rubies/ruby-2.1.7/lib/ruby/gems/2.1.0/bin
PATH: /Users/arthurnn/.rubies/ruby-2.1.7/bin
PATH: /usr/local/Emacs/bin
PATH: /Users/arthurnn/.bin
PATH: /usr/local/sbin
PATH: /usr/local/bin
PATH: /usr/bin
PATH: /bin
PATH: /usr/sbin
PATH: /sbin
PATH: /usr/local/MacGPG2/bin
PATH: /Users/arthurnn/.cask/bin
PATH: /Users/arthurnn/src/gobox/bin


## ----------- ##
## Core tests. ##
## ----------- ##

configure:2682: checking build system type
configure:2696: result: i386-apple-darwin15.3.0
configure:2716: checking host system type
configure:2729: result: i386-apple-darwin15.3.0
configure:2749: checking target system type
configure:2762: result: i386-apple-darwin15.3.0
configure:2804: checking for a BSD-compatible install
configure:2872: result: /usr/bin/install -c
configure:2883: checking whether build environment is sane
configure:2938: result: yes
configure:2976: WARNING: 'missing' script is too old or missing
configure:3089: checking for a thread-safe mkdir -p
configure:3128: result: config/install-sh -c -d
configure:3135: checking for gawk
configure:3165: result: no
configure:3135: checking for mawk
configure:3165: result: no
configure:3135: checking for nawk
configure:3165: result: no
configure:3135: checking for awk
configure:3151: found /usr/bin/awk
configure:3162: result: awk
configure:3173: checking whether make sets $(MAKE)
configure:3195: result: yes
configure:3224: checking whether make supports nested variables
configure:3241: result: yes
configure:3264: checking for style of include used by make
configure:3292: result: GNU
configure:3363: checking for gcc
configure:3390: result: clang
configure:3619: checking for C compiler version
configure:3628: clang --version >&5
Apple LLVM version 7.0.2 (clang-700.1.81)
Target: x86_64-apple-darwin15.3.0
Thread model: posix
configure:3639: $? = 0
configure:3628: clang -v >&5
Apple LLVM version 7.0.2 (clang-700.1.81)
Target: x86_64-apple-darwin15.3.0
Thread model: posix
configure:3639: $? = 0
configure:3628: clang -V >&5
clang: error: argument to '-V' is missing (expected 1 value)
clang: error: no input files
configure:3639: $? = 1
configure:3628: clang -qversion >&5
clang: error: unknown argument: '-qversion'
clang: error: no input files
configure:3639: $? = 1
configure:3659: checking whether the C compiler works
configure:3681: clang -fPIC  -O3 -fno-fast-math -ggdb3 -Wall -Wextra -Wno-unused-parameter -Wno-parentheses -Wno-long-long -Wno-missing-field-initializers -Wunused-variable -Wpointer-arith -Wwrite-strings -Wdeclaration-after-statement -Wshorten-64-to-32 -Wimplicit-function-declaration -Wdivision-by-zero -Wextra-tokens  -pipe   -pipe  -fPIC -L. -fstack-protector -L/usr/local/opt/openssl/lib -L/usr/local/opt/readline/lib -L/usr/local/opt/libyaml/lib -L/usr/local/opt/gdbm/lib  -L. -fstack-protector -L/usr/local/opt/openssl/lib -L/usr/local/opt/readline/lib -L/usr/local/opt/libyaml/lib -L/usr/local/opt/gdbm/lib  -L/Users/arthurnn/.rubies/ruby-2.1.7/lib conftest.c  >&5
configure:3685: $? = 0
configure:3733: result: yes
configure:3736: checking for C compiler default output file name
configure:3738: result: a.out
configure:3744: checking for suffix of executables
configure:3751: clang -o conftest -fPIC  -O3 -fno-fast-math -ggdb3 -Wall -Wextra -Wno-unused-parameter -Wno-parentheses -Wno-long-long -Wno-missing-field-initializers -Wunused-variable -Wpointer-arith -Wwrite-strings -Wdeclaration-after-statement -Wshorten-64-to-32 -Wimplicit-function-declaration -Wdivision-by-zero -Wextra-tokens  -pipe   -pipe  -fPIC -L. -fstack-protector -L/usr/local/opt/openssl/lib -L/usr/local/opt/readline/lib -L/usr/local/opt/libyaml/lib -L/usr/local/opt/gdbm/lib  -L. -fstack-protector -L/usr/local/opt/openssl/lib -L/usr/local/opt/readline/lib -L/usr/local/opt/libyaml/lib -L/usr/local/opt/gdbm/lib  -L/Users/arthurnn/.rubies/ruby-2.1.7/lib conftest.c  >&5
configure:3755: $? = 0
configure:3777: result: 
configure:3799: checking whether we are cross compiling
configure:3807: clang -o conftest -fPIC  -O3 -fno-fast-math -ggdb3 -Wall -Wextra -Wno-unused-parameter -Wno-parentheses -Wno-long-long -Wno-missing-field-initializers -Wunused-variable -Wpointer-arith -Wwrite-strings -Wdeclaration-after-statement -Wshorten-64-to-32 -Wimplicit-function-declaration -Wdivision-by-zero -Wextra-tokens  -pipe   -pipe  -fPIC -L. -fstack-protector -L/usr/local/opt/openssl/lib -L/usr/local/opt/readline/lib -L/usr/local/opt/libyaml/lib -L/usr/local/opt/gdbm/lib  -L. -fstack-protector -L/usr/local/opt/openssl/lib -L/usr/local/opt/readline/lib -L/usr/local/opt/libyaml/lib -L/usr/local/opt/gdbm/lib  -L/Users/arthurnn/.rubies/ruby-2.1.7/lib conftest.c  >&5
configure:3811: $? = 0
configure:3818: ./conftest
configure:3822: $? = 0
configure:3837: result: no
configure:3842: checking for suffix of object files
configure:3864: clang -c -fPIC  -O3 -fno-fast-math -ggdb3 -Wall -Wextra -Wno-unused-parameter -Wno-parentheses -Wno-long-long -Wno-missing-field-initializers -Wunused-variable -Wpointer-arith -Wwrite-strings -Wdeclaration-after-statement -Wshorten-64-to-32 -Wimplicit-function-declaration -Wdivision-by-zero -Wextra-tokens  -pipe   -pipe  conftest.c >&5
configure:3868: $? = 0
configure:3889: result: o
configure:3893: checking whether we are using the GNU C compiler
configure:3912: clang -c -fPIC  -O3 -fno-fast-math -ggdb3 -Wall -Wextra -Wno-unused-parameter -Wno-parentheses -Wno-long-long -Wno-missing-field-initializers -Wunused-variable -Wpointer-arith -Wwrite-strings -Wdeclaration-after-statement -Wshorten-64-to-32 -Wimplicit-function-declaration -Wdivision-by-zero -Wextra-tokens  -pipe   -pipe  conftest.c >&5
configure:3912: $? = 0
configure:3921: result: yes
configure:3930: checking whether clang accepts -g
configure:3950: clang -c -g  conftest.c >&5
configure:3950: $? = 0
configure:3991: result: yes
configure:4008: checking for clang option to accept ISO C89
configure:4071: clang  -c -fPIC  -O3 -fno-fast-math -ggdb3 -Wall -Wextra -Wno-unused-parameter -Wno-parentheses -Wno-long-long -Wno-missing-field-initializers -Wunused-variable -Wpointer-arith -Wwrite-strings -Wdeclaration-after-statement -Wshorten-64-to-32 -Wimplicit-function-declaration -Wdivision-by-zero -Wextra-tokens  -pipe   -pipe  conftest.c >&5
configure:4071: $? = 0
configure:4084: result: none needed
configure:4109: checking whether clang understands -c and -o together
configure:4131: clang -c conftest.c -o conftest2.o
configure:4134: $? = 0
configure:4131: clang -c conftest.c -o conftest2.o
configure:4134: $? = 0
configure:4146: result: yes
configure:4165: checking dependency style of clang
configure:4276: result: none
configure:4323: checking for isainfo
configure:4353: result: no
configure:4414: checking how to run the C preprocessor
configure:4445: clang -E  conftest.c
configure:4445: $? = 0
configure:4459: clang -E  conftest.c
conftest.c:9:10: fatal error: 'ac_nonexistent.h' file not found
#include <ac_nonexistent.h>
         ^
1 error generated.
configure:4459: $? = 1
configure: failed program was:
| /* confdefs.h */
| #define PACKAGE_NAME "libmemcached"
| #define PACKAGE_TARNAME "libmemcached"
| #define PACKAGE_VERSION "0.32"
| #define PACKAGE_STRING "libmemcached 0.32"
| #define PACKAGE_BUGREPORT "http://tangent.org/552/libmemcached.html"
| #define PACKAGE_URL ""
| /* end confdefs.h.  */
| #include <ac_nonexistent.h>
configure:4484: result: clang -E
configure:4504: clang -E  conftest.c
configure:4504: $? = 0
configure:4518: clang -E  conftest.c
conftest.c:9:10: fatal error: 'ac_nonexistent.h' file not found
#include <ac_nonexistent.h>
         ^
1 error generated.
configure:4518: $? = 1
configure: failed program was:
| /* confdefs.h */
| #define PACKAGE_NAME "libmemcached"
| #define PACKAGE_TARNAME "libmemcached"
| #define PACKAGE_VERSION "0.32"
| #define PACKAGE_STRING "libmemcached 0.32"
| #define PACKAGE_BUGREPORT "http://tangent.org/552/libmemcached.html"
| #define PACKAGE_URL ""
| /* end confdefs.h.  */
| #include <ac_nonexistent.h>
configure:4547: checking for grep that handles long lines and -e
configure:4605: result: /usr/bin/grep
configure:4610: checking for egrep
configure:4672: result: /usr/bin/grep -E
configure:4677: checking for ANSI C header files
configure:4697: clang -c -fPIC  -O3 -fno-fast-math -ggdb3 -Wall -Wextra -Wno-unused-parameter -Wno-parentheses -Wno-long-long -Wno-missing-field-initializers -Wunused-variable -Wpointer-arith -Wwrite-strings -Wdeclaration-after-statement -Wshorten-64-to-32 -Wimplicit-function-declaration -Wdivision-by-zero -Wextra-tokens  -pipe   -pipe  conftest.c >&5
configure:4697: $? = 0
configure:4770: clang -o conftest -fPIC  -O3 -fno-fast-math -ggdb3 -Wall -Wextra -Wno-unused-parameter -Wno-parentheses -Wno-long-long -Wno-missing-field-initializers -Wunused-variable -Wpointer-arith -Wwrite-strings -Wdeclaration-after-statement -Wshorten-64-to-32 -Wimplicit-function-declaration -Wdivision-by-zero -Wextra-tokens  -pipe   -pipe  -fPIC -L. -fstack-protector -L/usr/local/opt/openssl/lib -L/usr/local/opt/readline/lib -L/usr/local/opt/libyaml/lib -L/usr/local/opt/gdbm/lib  -L. -fstack-protector -L/usr/local/opt/openssl/lib -L/usr/local/opt/readline/lib -L/usr/local/opt/libyaml/lib -L/usr/local/opt/gdbm/lib  -L/Users/arthurnn/.rubies/ruby-2.1.7/lib conftest.c  >&5
configure:4770: $? = 0
configure:4770: ./conftest
configure:4770: $? = 0
configure:4781: result: yes
configure:4794: checking for sys/types.h
configure:4794: clang -c -fPIC  -O3 -fno-fast-math -ggdb3 -Wall -Wextra -Wno-unused-parameter -Wno-parentheses -Wno-long-long -Wno-missing-field-initializers -Wunused-variable -Wpointer-arith -Wwrite-strings -Wdeclaration-after-statement -Wshorten-64-to-32 -Wimplicit-function-declaration -Wdivision-by-zero -Wextra-tokens  -pipe   -pipe  conftest.c >&5
configure:4794: $? = 0
configure:4794: result: yes
configure:4794: checking for sys/stat.h
configure:4794: clang -c -fPIC  -O3 -fno-fast-math -ggdb3 -Wall -Wextra -Wno-unused-parameter -Wno-parentheses -Wno-long-long -Wno-missing-field-initializers -Wunused-variable -Wpointer-arith -Wwrite-strings -Wdeclaration-after-statement -Wshorten-64-to-32 -Wimplicit-function-declaration -Wdivision-by-zero -Wextra-tokens  -pipe   -pipe  conftest.c >&5
configure:4794: $? = 0
configure:4794: result: yes
configure:4794: checking for stdlib.h
configure:4794: clang -c -fPIC  -O3 -fno-fast-math -ggdb3 -Wall -Wextra -Wno-unused-parameter -Wno-parentheses -Wno-long-long -Wno-missing-field-initializers -Wunused-variable -Wpointer-arith -Wwrite-strings -Wdeclaration-after-statement -Wshorten-64-to-32 -Wimplicit-function-declaration -Wdivision-by-zero -Wextra-tokens  -pipe   -pipe  conftest.c >&5
configure:4794: $? = 0
configure:4794: result: yes
configure:4794: checking for string.h
configure:4794: clang -c -fPIC  -O3 -fno-fast-math -ggdb3 -Wall -Wextra -Wno-unused-parameter -Wno-parentheses -Wno-long-long -Wno-missing-field-initializers -Wunused-variable -Wpointer-arith -Wwrite-strings -Wdeclaration-after-statement -Wshorten-64-to-32 -Wimplicit-function-declaration -Wdivision-by-zero -Wextra-tokens  -pipe   -pipe  conftest.c >&5
configure:4794: $? = 0
configure:4794: result: yes
configure:4794: checking for memory.h
configure:4794: clang -c -fPIC  -O3 -fno-fast-math -ggdb3 -Wall -Wextra -Wno-unused-parameter -Wno-parentheses -Wno-long-long -Wno-missing-field-initializers -Wunused-variable -Wpointer-arith -Wwrite-strings -Wdeclaration-after-statement -Wshorten-64-to-32 -Wimplicit-function-declaration -Wdivision-by-zero -Wextra-tokens  -pipe   -pipe  conftest.c >&5
configure:4794: $? = 0
configure:4794: result: yes
configure:4794: checking for strings.h
configure:4794: clang -c -fPIC  -O3 -fno-fast-math -ggdb3 -Wall -Wextra -Wno-unused-parameter -Wno-parentheses -Wno-long-long -Wno-missing-field-initializers -Wunused-variable -Wpointer-arith -Wwrite-strings -Wdeclaration-after-statement -Wshorten-64-to-32 -Wimplicit-function-declaration -Wdivision-by-zero -Wextra-tokens  -pipe   -pipe  conftest.c >&5
configure:4794: $? = 0
configure:4794: result: yes
configure:4794: checking for inttypes.h
configure:4794: clang -c -fPIC  -O3 -fno-fast-math -ggdb3 -Wall -Wextra -Wno-unused-parameter -Wno-parentheses -Wno-long-long -Wno-missing-field-initializers -Wunused-variable -Wpointer-arith -Wwrite-strings -Wdeclaration-after-statement -Wshorten-64-to-32 -Wimplicit-function-declaration -Wdivision-by-zero -Wextra-tokens  -pipe   -pipe  conftest.c >&5
configure:4794: $? = 0
configure:4794: result: yes
configure:4794: checking for stdint.h
configure:4794: clang -c -fPIC  -O3 -fno-fast-math -ggdb3 -Wall -Wextra -Wno-unused-parameter -Wno-parentheses -Wno-long-long -Wno-missing-field-initializers -Wunused-variable -Wpointer-arith -Wwrite-strings -Wdeclaration-after-statement -Wshorten-64-to-32 -Wimplicit-function-declaration -Wdivision-by-zero -Wextra-tokens  -pipe   -pipe  conftest.c >&5
configure:4794: $? = 0
configure:4794: result: yes
configure:4794: checking for unistd.h
configure:4794: clang -c -fPIC  -O3 -fno-fast-math -ggdb3 -Wall -Wextra -Wno-unused-parameter -Wno-parentheses -Wno-long-long -Wno-missing-field-initializers -Wunused-variable -Wpointer-arith -Wwrite-strings -Wdeclaration-after-statement -Wshorten-64-to-32 -Wimplicit-function-declaration -Wdivision-by-zero -Wextra-tokens  -pipe   -pipe  conftest.c >&5
configure:4794: $? = 0
configure:4794: result: yes
configure:4809: checking minix/config.h usability
configure:4809: clang -c -fPIC  -O3 -fno-fast-math -ggdb3 -Wall -Wextra -Wno-unused-parameter -Wno-parentheses -Wno-long-long -Wno-missing-field-initializers -Wunused-variable -Wpointer-arith -Wwrite-strings -Wdeclaration-after-statement -Wshorten-64-to-32 -Wimplicit-function-declaration -Wdivision-by-zero -Wextra-tokens  -pipe   -pipe  conftest.c >&5
conftest.c:52:10: fatal error: 'minix/config.h' file not found
#include <minix/config.h>
         ^
1 error generated.
configure:4809: $? = 1
configure: failed program was:
| /* confdefs.h */
| #define PACKAGE_NAME "libmemcached"
| #define PACKAGE_TARNAME "libmemcached"
| #define PACKAGE_VERSION "0.32"
| #define PACKAGE_STRING "libmemcached 0.32"
| #define PACKAGE_BUGREPORT "http://tangent.org/552/libmemcached.html"
| #define PACKAGE_URL ""
| #define STDC_HEADERS 1
| #define HAVE_SYS_TYPES_H 1
| #define HAVE_SYS_STAT_H 1
| #define HAVE_STDLIB_H 1
| #define HAVE_STRING_H 1
| #define HAVE_MEMORY_H 1
| #define HAVE_STRINGS_H 1
| #define HAVE_INTTYPES_H 1
| #define HAVE_STDINT_H 1
| #define HAVE_UNISTD_H 1
| /* end confdefs.h.  */
| #include <stdio.h>
| #ifdef HAVE_SYS_TYPES_H
| # include <sys/types.h>
| #endif
| #ifdef HAVE_SYS_STAT_H
| # include <sys/stat.h>
| #endif
| #ifdef STDC_HEADERS
| # include <stdlib.h>
| # include <stddef.h>
| #else
| # ifdef HAVE_STDLIB_H
| #  include <stdlib.h>
| # endif
| #endif
| #ifdef HAVE_STRING_H
| # if !defined STDC_HEADERS && defined HAVE_MEMORY_H
| #  include <memory.h>
| # endif
| # include <string.h>
| #endif
| #ifdef HAVE_STRINGS_H
| # include <strings.h>
| #endif
| #ifdef HAVE_INTTYPES_H
| # include <inttypes.h>
| #endif
| #ifdef HAVE_STDINT_H
| # include <stdint.h>
| #endif
| #ifdef HAVE_UNISTD_H
| # include <unistd.h>
| #endif
| #include <minix/config.h>
configure:4809: result: no
configure:4809: checking minix/config.h presence
configure:4809: clang -E  conftest.c
conftest.c:19:10: fatal error: 'minix/config.h' file not found
#include <minix/config.h>
         ^
1 error generated.
configure:4809: $? = 1
configure: failed program was:
| /* confdefs.h */
| #define PACKAGE_NAME "libmemcached"
| #define PACKAGE_TARNAME "libmemcached"
| #define PACKAGE_VERSION "0.32"
| #define PACKAGE_STRING "libmemcached 0.32"
| #define PACKAGE_BUGREPORT "http://tangent.org/552/libmemcached.html"
| #define PACKAGE_URL ""
| #define STDC_HEADERS 1
| #define HAVE_SYS_TYPES_H 1
| #define HAVE_SYS_STAT_H 1
| #define HAVE_STDLIB_H 1
| #define HAVE_STRING_H 1
| #define HAVE_MEMORY_H 1
| #define HAVE_STRINGS_H 1
| #define HAVE_INTTYPES_H 1
| #define HAVE_STDINT_H 1
| #define HAVE_UNISTD_H 1
| /* end confdefs.h.  */
| #include <minix/config.h>
configure:4809: result: no
configure:4809: checking for minix/config.h
configure:4809: result: no
configure:4838: checking whether it is safe to define __EXTENSIONS__
configure:4856: clang -c -fPIC  -O3 -fno-fast-math -ggdb3 -Wall -Wextra -Wno-unused-parameter -Wno-parentheses -Wno-long-long -Wno-missing-field-initializers -Wunused-variable -Wpointer-arith -Wwrite-strings -Wdeclaration-after-statement -Wshorten-64-to-32 -Wimplicit-function-declaration -Wdivision-by-zero -Wextra-tokens  -pipe   -pipe  conftest.c >&5
configure:4856: $? = 0
configure:4863: result: yes
configure:4923: checking how to print strings
configure:4950: result: printf
configure:4971: checking for a sed that does not truncate output
configure:5035: result: /usr/bin/sed
configure:5053: checking for fgrep
configure:5115: result: /usr/bin/grep -F
configure:5150: checking for ld used by clang
configure:5217: result: /Library/Developer/CommandLineTools/usr/bin/ld
configure:5224: checking if the linker (/Library/Developer/CommandLineTools/usr/bin/ld) is GNU ld
configure:5239: result: no
configure:5251: checking for BSD- or MS-compatible name lister (nm)
configure:5300: result: /usr/bin/nm
configure:5430: checking the name lister (/usr/bin/nm) interface
configure:5437: clang -c -fPIC  -O3 -fno-fast-math -ggdb3 -Wall -Wextra -Wno-unused-parameter -Wno-parentheses -Wno-long-long -Wno-missing-field-initializers -Wunused-variable -Wpointer-arith -Wwrite-strings -Wdeclaration-after-statement -Wshorten-64-to-32 -Wimplicit-function-declaration -Wdivision-by-zero -Wextra-tokens  -pipe   -pipe  conftest.c >&5
configure:5440: /usr/bin/nm "conftest.o"
configure:5443: output
0000000000000210 S _some_variable
configure:5450: result: BSD nm
configure:5453: checking whether ln -s works
configure:5457: result: yes
configure:5465: checking the maximum length of command line arguments
configure:5590: result: 196608
configure:5607: checking whether the shell understands some XSI constructs
configure:5617: result: yes
configure:5621: checking whether the shell understands "+="
configure:5627: result: yes
configure:5662: checking how to convert i386-apple-darwin15.3.0 file names to i386-apple-darwin15.3.0 format
configure:5702: result: func_convert_file_noop
configure:5709: checking how to convert i386-apple-darwin15.3.0 file names to toolchain format
configure:5729: result: func_convert_file_noop
configure:5736: checking for /Library/Developer/CommandLineTools/usr/bin/ld option to reload object files
configure:5743: result: -r
configure:5817: checking for objdump
configure:5847: result: no
configure:5876: checking how to recognize dependent libraries
configure:6078: result: pass_all
configure:6163: checking for dlltool
configure:6193: result: no
configure:6223: checking how to associate runtime and link libraries
configure:6250: result: printf %s\n
configure:6310: checking for ar
configure:6326: found /usr/bin/ar
configure:6337: result: ar
configure:6374: checking for archiver @FILE support
configure:6391: clang -c -fPIC  -O3 -fno-fast-math -ggdb3 -Wall -Wextra -Wno-unused-parameter -Wno-parentheses -Wno-long-long -Wno-missing-field-initializers -Wunused-variable -Wpointer-arith -Wwrite-strings -Wdeclaration-after-statement -Wshorten-64-to-32 -Wimplicit-function-declaration -Wdivision-by-zero -Wextra-tokens  -pipe   -pipe  conftest.c >&5
configure:6391: $? = 0
configure:6394: ar cru libconftest.a @conftest.lst >&5
ar: @conftest.lst: No such file or directory
configure:6397: $? = 1
configure:6417: result: no
configure:6475: checking for strip
configure:6491: found /usr/bin/strip
configure:6502: result: strip
configure:6574: checking for ranlib
configure:6590: found /usr/bin/ranlib
configure:6601: result: ranlib
configure:6703: checking command to parse /usr/bin/nm output from clang object
configure:6822: clang -c -fPIC  -O3 -fno-fast-math -ggdb3 -Wall -Wextra -Wno-unused-parameter -Wno-parentheses -Wno-long-long -Wno-missing-field-initializers -Wunused-variable -Wpointer-arith -Wwrite-strings -Wdeclaration-after-statement -Wshorten-64-to-32 -Wimplicit-function-declaration -Wdivision-by-zero -Wextra-tokens  -pipe   -pipe  conftest.c >&5
configure:6825: $? = 0
configure:6829: /usr/bin/nm conftest.o \| sed -n -e 's/^.*[ ]\([BCDEGRST][BCDEGRST]*\)[ ][ ]*\([_A-Za-z][_A-Za-z0-9]*\)$/\1 \2 \2/p' | sed '/ __gnu_lto/d' \> conftest.nm
configure:6832: $? = 0
cannot find nm_test_var in conftest.nm
configure:6822: clang -c -fPIC  -O3 -fno-fast-math -ggdb3 -Wall -Wextra -Wno-unused-parameter -Wno-parentheses -Wno-long-long -Wno-missing-field-initializers -Wunused-variable -Wpointer-arith -Wwrite-strings -Wdeclaration-after-statement -Wshorten-64-to-32 -Wimplicit-function-declaration -Wdivision-by-zero -Wextra-tokens  -pipe   -pipe  conftest.c >&5
configure:6825: $? = 0
configure:6829: /usr/bin/nm conftest.o \| sed -n -e 's/^.*[ ]\([BCDEGRST][BCDEGRST]*\)[ ][ ]*_\([_A-Za-z][_A-Za-z0-9]*\)$/\1 _\2 \2/p' | sed '/ __gnu_lto/d' \> conftest.nm
configure:6832: $? = 0
configure:6898: clang -o conftest -fPIC  -O3 -fno-fast-math -ggdb3 -Wall -Wextra -Wno-unused-parameter -Wno-parentheses -Wno-long-long -Wno-missing-field-initializers -Wunused-variable -Wpointer-arith -Wwrite-strings -Wdeclaration-after-statement -Wshorten-64-to-32 -Wimplicit-function-declaration -Wdivision-by-zero -Wextra-tokens  -pipe   -pipe  -fPIC -L. -fstack-protector -L/usr/local/opt/openssl/lib -L/usr/local/opt/readline/lib -L/usr/local/opt/libyaml/lib -L/usr/local/opt/gdbm/lib  -L. -fstack-protector -L/usr/local/opt/openssl/lib -L/usr/local/opt/readline/lib -L/usr/local/opt/libyaml/lib -L/usr/local/opt/gdbm/lib  -L/Users/arthurnn/.rubies/ruby-2.1.7/lib conftest.c conftstm.o >&5
warning: (x86_64)  could not find object file symbol for symbol _main
configure:6901: $? = 0
configure:6939: result: ok
configure:6976: checking for sysroot
configure:7006: result: no
configure:7249: checking for mt
configure:7279: result: no
configure:7299: checking if : is a manifest tool
configure:7305: : '-?'
configure:7313: result: no
configure:7369: checking for dsymutil
configure:7385: found /usr/bin/dsymutil
configure:7396: result: dsymutil
configure:7461: checking for nmedit
configure:7477: found /usr/bin/nmedit
configure:7488: result: nmedit
configure:7553: checking for lipo
configure:7569: found /usr/bin/lipo
configure:7580: result: lipo
configure:7645: checking for otool
configure:7661: found /usr/bin/otool
configure:7672: result: otool
configure:7737: checking for otool64
configure:7767: result: no
configure:7812: checking for -single_module linker flag
clang -fPIC  -O3 -fno-fast-math -ggdb3 -Wall -Wextra -Wno-unused-parameter -Wno-parentheses -Wno-long-long -Wno-missing-field-initializers -Wunused-variable -Wpointer-arith -Wwrite-strings -Wdeclaration-after-statement -Wshorten-64-to-32 -Wimplicit-function-declaration -Wdivision-by-zero -Wextra-tokens  -pipe   -pipe -fPIC -L. -fstack-protector -L/usr/local/opt/openssl/lib -L/usr/local/opt/readline/lib -L/usr/local/opt/libyaml/lib -L/usr/local/opt/gdbm/lib  -L. -fstack-protector -L/usr/local/opt/openssl/lib -L/usr/local/opt/readline/lib -L/usr/local/opt/libyaml/lib -L/usr/local/opt/gdbm/lib  -L/Users/arthurnn/.rubies/ruby-2.1.7/lib -o libconftest.dylib -dynamiclib -Wl,-single_module conftest.c
configure:7839: result: yes
configure:7841: checking for -exported_symbols_list linker flag
configure:7861: clang -o conftest -fPIC  -O3 -fno-fast-math -ggdb3 -Wall -Wextra -Wno-unused-parameter -Wno-parentheses -Wno-long-long -Wno-missing-field-initializers -Wunused-variable -Wpointer-arith -Wwrite-strings -Wdeclaration-after-statement -Wshorten-64-to-32 -Wimplicit-function-declaration -Wdivision-by-zero -Wextra-tokens  -pipe   -pipe  -fPIC -L. -fstack-protector -L/usr/local/opt/openssl/lib -L/usr/local/opt/readline/lib -L/usr/local/opt/libyaml/lib -L/usr/local/opt/gdbm/lib  -L. -fstack-protector -L/usr/local/opt/openssl/lib -L/usr/local/opt/readline/lib -L/usr/local/opt/libyaml/lib -L/usr/local/opt/gdbm/lib  -L/Users/arthurnn/.rubies/ruby-2.1.7/lib -Wl,-exported_symbols_list,conftest.sym conftest.c  >&5
configure:7861: $? = 0
configure:7871: result: yes
configure:7873: checking for -force_load linker flag
clang -fPIC  -O3 -fno-fast-math -ggdb3 -Wall -Wextra -Wno-unused-parameter -Wno-parentheses -Wno-long-long -Wno-missing-field-initializers -Wunused-variable -Wpointer-arith -Wwrite-strings -Wdeclaration-after-statement -Wshorten-64-to-32 -Wimplicit-function-declaration -Wdivision-by-zero -Wextra-tokens  -pipe   -pipe -c -o conftest.o conftest.c
ar cru libconftest.a conftest.o
ranlib libconftest.a
clang -fPIC  -O3 -fno-fast-math -ggdb3 -Wall -Wextra -Wno-unused-parameter -Wno-parentheses -Wno-long-long -Wno-missing-field-initializers -Wunused-variable -Wpointer-arith -Wwrite-strings -Wdeclaration-after-statement -Wshorten-64-to-32 -Wimplicit-function-declaration -Wdivision-by-zero -Wextra-tokens  -pipe   -pipe -fPIC -L. -fstack-protector -L/usr/local/opt/openssl/lib -L/usr/local/opt/readline/lib -L/usr/local/opt/libyaml/lib -L/usr/local/opt/gdbm/lib  -L. -fstack-protector -L/usr/local/opt/openssl/lib -L/usr/local/opt/readline/lib -L/usr/local/opt/libyaml/lib -L/usr/local/opt/gdbm/lib  -L/Users/arthurnn/.rubies/ruby-2.1.7/lib -o conftest conftest.c -Wl,-force_load,./libconftest.a
warning: (x86_64)  could not find object file symbol for symbol _forced_loaded
configure:7903: result: no
configure:7942: checking for dlfcn.h
configure:7942: clang -c -fPIC  -O3 -fno-fast-math -ggdb3 -Wall -Wextra -Wno-unused-parameter -Wno-parentheses -Wno-long-long -Wno-missing-field-initializers -Wunused-variable -Wpointer-arith -Wwrite-strings -Wdeclaration-after-statement -Wshorten-64-to-32 -Wimplicit-function-declaration -Wdivision-by-zero -Wextra-tokens  -pipe   -pipe  conftest.c >&5
configure:7942: $? = 0
configure:7942: result: yes
configure:8011: checking for g++
configure:8027: found /usr/bin/g++
configure:8038: result: g++
configure:8065: checking for C++ compiler version
configure:8074: g++ --version >&5
Apple LLVM version 7.0.2 (clang-700.1.81)
Target: x86_64-apple-darwin15.3.0
Thread model: posix
Configured with: --prefix=/Library/Developer/CommandLineTools/usr --with-gxx-include-dir=/usr/include/c++/4.2.1
configure:8085: $? = 0
configure:8074: g++ -v >&5
Configured with: --prefix=/Library/Developer/CommandLineTools/usr --with-gxx-include-dir=/usr/include/c++/4.2.1
Apple LLVM version 7.0.2 (clang-700.1.81)
Target: x86_64-apple-darwin15.3.0
Thread model: posix
configure:8085: $? = 0
configure:8074: g++ -V >&5
clang: error: argument to '-V' is missing (expected 1 value)
clang: error: no input files
configure:8085: $? = 1
configure:8074: g++ -qversion >&5
clang: error: unknown argument: '-qversion'
clang: error: no input files
configure:8085: $? = 1
configure:8089: checking whether we are using the GNU C++ compiler
configure:8108: g++ -c   conftest.cpp >&5
configure:8108: $? = 0
configure:8117: result: yes
configure:8126: checking whether g++ accepts -g
configure:8146: g++ -c -g  conftest.cpp >&5
configure:8146: $? = 0
configure:8187: result: yes
configure:8212: checking dependency style of g++
configure:8323: result: none
configure:8525: checking for objdir
configure:8540: result: .libs
configure:8811: checking if clang supports -fno-rtti -fno-exceptions
configure:8829: clang -c -fPIC  -O3 -fno-fast-math -ggdb3 -Wall -Wextra -Wno-unused-parameter -Wno-parentheses -Wno-long-long -Wno-missing-field-initializers -Wunused-variable -Wpointer-arith -Wwrite-strings -Wdeclaration-after-statement -Wshorten-64-to-32 -Wimplicit-function-declaration -Wdivision-by-zero -Wextra-tokens  -pipe   -pipe  -fno-rtti -fno-exceptions conftest.c >&5
configure:8833: $? = 0
configure:8846: result: yes
configure:9156: checking for clang option to produce PIC
configure:9163: result: -fno-common -DPIC
configure:9171: checking if clang PIC flag -fno-common -DPIC works
configure:9189: clang -c -fPIC  -O3 -fno-fast-math -ggdb3 -Wall -Wextra -Wno-unused-parameter -Wno-parentheses -Wno-long-long -Wno-missing-field-initializers -Wunused-variable -Wpointer-arith -Wwrite-strings -Wdeclaration-after-statement -Wshorten-64-to-32 -Wimplicit-function-declaration -Wdivision-by-zero -Wextra-tokens  -pipe   -pipe  -fno-common -DPIC -DPIC conftest.c >&5
configure:9193: $? = 0
configure:9206: result: yes
configure:9235: checking if clang static flag -static works
configure:9263: result: no
configure:9278: checking if clang supports -c -o file.o
configure:9299: clang -c -fPIC  -O3 -fno-fast-math -ggdb3 -Wall -Wextra -Wno-unused-parameter -Wno-parentheses -Wno-long-long -Wno-missing-field-initializers -Wunused-variable -Wpointer-arith -Wwrite-strings -Wdeclaration-after-statement -Wshorten-64-to-32 -Wimplicit-function-declaration -Wdivision-by-zero -Wextra-tokens  -pipe   -pipe  -o out/conftest2.o conftest.c >&5
configure:9303: $? = 0
configure:9325: result: yes
configure:9333: checking if clang supports -c -o file.o
configure:9380: result: yes
configure:9413: checking whether the clang linker (/Library/Developer/CommandLineTools/usr/bin/ld) supports shared libraries
configure:10571: result: yes
configure:10816: checking dynamic linker characteristics
configure:11552: result: darwin15.3.0 dyld
configure:11659: checking how to hardcode library paths into programs
configure:11684: result: immediate
configure:12224: checking whether stripping libraries is possible
configure:12238: result: yes
configure:12264: checking if libtool supports shared libraries
configure:12266: result: yes
configure:12269: checking whether to build shared libraries
configure:12290: result: no
configure:12293: checking whether to build static libraries
configure:12297: result: yes
configure:12320: checking how to run the C++ preprocessor
configure:12347: g++ -E  conftest.cpp
configure:12347: $? = 0
configure:12361: g++ -E  conftest.cpp
conftest.cpp:26:10: fatal error: 'ac_nonexistent.h' file not found
#include <ac_nonexistent.h>
         ^
1 error generated.
configure:12361: $? = 1
configure: failed program was:
| /* confdefs.h */
| #define PACKAGE_NAME "libmemcached"
| #define PACKAGE_TARNAME "libmemcached"
| #define PACKAGE_VERSION "0.32"
| #define PACKAGE_STRING "libmemcached 0.32"
| #define PACKAGE_BUGREPORT "http://tangent.org/552/libmemcached.html"
| #define PACKAGE_URL ""
| #define STDC_HEADERS 1
| #define HAVE_SYS_TYPES_H 1
| #define HAVE_SYS_STAT_H 1
| #define HAVE_STDLIB_H 1
| #define HAVE_STRING_H 1
| #define HAVE_MEMORY_H 1
| #define HAVE_STRINGS_H 1
| #define HAVE_INTTYPES_H 1
| #define HAVE_STDINT_H 1
| #define HAVE_UNISTD_H 1
| #define __EXTENSIONS__ 1
| #define _ALL_SOURCE 1
| #define _GNU_SOURCE 1
| #define _POSIX_PTHREAD_SEMANTICS 1
| #define _TANDEM_SOURCE 1
| #define HAVE_DLFCN_H 1
| #define LT_OBJDIR ".libs/"
| /* end confdefs.h.  */
| #include <ac_nonexistent.h>
configure:12386: result: g++ -E
configure:12406: g++ -E  conftest.cpp
configure:12406: $? = 0
configure:12420: g++ -E  conftest.cpp
conftest.cpp:26:10: fatal error: 'ac_nonexistent.h' file not found
#include <ac_nonexistent.h>
         ^
1 error generated.
configure:12420: $? = 1
configure: failed program was:
| /* confdefs.h */
| #define PACKAGE_NAME "libmemcached"
| #define PACKAGE_TARNAME "libmemcached"
| #define PACKAGE_VERSION "0.32"
| #define PACKAGE_STRING "libmemcached 0.32"
| #define PACKAGE_BUGREPORT "http://tangent.org/552/libmemcached.html"
| #define PACKAGE_URL ""
| #define STDC_HEADERS 1
| #define HAVE_SYS_TYPES_H 1
| #define HAVE_SYS_STAT_H 1
| #define HAVE_STDLIB_H 1
| #define HAVE_STRING_H 1
| #define HAVE_MEMORY_H 1
| #define HAVE_STRINGS_H 1
| #define HAVE_INTTYPES_H 1
| #define HAVE_STDINT_H 1
| #define HAVE_UNISTD_H 1
| #define __EXTENSIONS__ 1
| #define _ALL_SOURCE 1
| #define _GNU_SOURCE 1
| #define _POSIX_PTHREAD_SEMANTICS 1
| #define _TANDEM_SOURCE 1
| #define HAVE_DLFCN_H 1
| #define LT_OBJDIR ".libs/"
| /* end confdefs.h.  */
| #include <ac_nonexistent.h>
configure:12590: checking for ld used by g++
configure:12657: result: /Library/Developer/CommandLineTools/usr/bin/ld
configure:12664: checking if the linker (/Library/Developer/CommandLineTools/usr/bin/ld) is GNU ld
configure:12679: result: no
configure:12734: checking whether the g++ linker (/Library/Developer/CommandLineTools/usr/bin/ld) supports shared libraries
configure:13738: result: yes
configure:13773: g++ -c -g -O2  conftest.cpp >&5
configure:13776: $? = 0
configure:14296: checking for g++ option to produce PIC
configure:14303: result: -fno-common -DPIC
configure:14311: checking if g++ PIC flag -fno-common -DPIC works
configure:14329: g++ -c -g -O2  -fno-common -DPIC -DPIC conftest.cpp >&5
configure:14333: $? = 0
configure:14346: result: yes
configure:14369: checking if g++ static flag -static works
configure:14397: result: no
configure:14409: checking if g++ supports -c -o file.o
configure:14430: g++ -c -g -O2  -o out/conftest2.o conftest.cpp >&5
configure:14434: $? = 0
configure:14456: result: yes
configure:14461: checking if g++ supports -c -o file.o
configure:14508: result: yes
configure:14538: checking whether the g++ linker (/Library/Developer/CommandLineTools/usr/bin/ld) supports shared libraries
configure:14572: result: yes
configure:14715: checking dynamic linker characteristics
configure:15385: result: darwin15.3.0 dyld
configure:15438: checking how to hardcode library paths into programs
configure:15463: result: immediate
configure:15523: checking if g++ supports C++0x features without additional flags
configure:15560: g++ -c -g -O2  conftest.cpp >&5
conftest.cpp:30:21: error: expected parameter declarator
      static_assert(sizeof(int) <= sizeof(T), "not big enough");
                    ^
conftest.cpp:30:21: error: expected ')'
conftest.cpp:30:20: note: to match this '('
      static_assert(sizeof(int) <= sizeof(T), "not big enough");
                   ^
conftest.cpp:30:7: error: C++ requires a type specifier for all declarations
      static_assert(sizeof(int) <= sizeof(T), "not big enough");
      ^
conftest.cpp:33:29: error: a space is required between consecutive right angle brackets (use '> >')
    typedef check<check<bool>> right_angle_brackets;
                            ^~
                            > >
conftest.cpp:36:5: error: unknown type name 'decltype'
    decltype(a) b;
    ^
conftest.cpp:36:16: error: expected ';' after top level declarator
    decltype(a) b;
               ^
               ;
conftest.cpp:40:15: warning: rvalue references are a C++11 extension [-Wc++11-extensions]
    check_type&& cr = c;
              ^
1 warning and 6 errors generated.
configure:15560: $? = 1
configure: failed program was:
| /* confdefs.h */
| #define PACKAGE_NAME "libmemcached"
| #define PACKAGE_TARNAME "libmemcached"
| #define PACKAGE_VERSION "0.32"
| #define PACKAGE_STRING "libmemcached 0.32"
| #define PACKAGE_BUGREPORT "http://tangent.org/552/libmemcached.html"
| #define PACKAGE_URL ""
| #define STDC_HEADERS 1
| #define HAVE_SYS_TYPES_H 1
| #define HAVE_SYS_STAT_H 1
| #define HAVE_STDLIB_H 1
| #define HAVE_STRING_H 1
| #define HAVE_MEMORY_H 1
| #define HAVE_STRINGS_H 1
| #define HAVE_INTTYPES_H 1
| #define HAVE_STDINT_H 1
| #define HAVE_UNISTD_H 1
| #define __EXTENSIONS__ 1
| #define _ALL_SOURCE 1
| #define _GNU_SOURCE 1
| #define _POSIX_PTHREAD_SEMANTICS 1
| #define _TANDEM_SOURCE 1
| #define HAVE_DLFCN_H 1
| #define LT_OBJDIR ".libs/"
| /* end confdefs.h.  */
| 
|   template <typename T>
|     struct check
|     {
|       static_assert(sizeof(int) <= sizeof(T), "not big enough");
|     };
| 
|     typedef check<check<bool>> right_angle_brackets;
| 
|     int a;
|     decltype(a) b;
| 
|     typedef check<int> check_type;
|     check_type c;
|     check_type&& cr = c;
| int
| main ()
| {
| 
|   ;
|   return 0;
| }
configure:15574: result: no
configure:15577: checking if g++ supports C++0x features with -std=c++0x
configure:15616: g++ -c -g -O2 -std=c++0x  conftest.cpp >&5
conftest.cpp:40:18: error: rvalue reference to type 'check<[...]>' cannot bind to lvalue of type 'check<[...]>'
    check_type&& cr = c;
                 ^    ~
1 error generated.
configure:15616: $? = 1
configure: failed program was:
| /* confdefs.h */
| #define PACKAGE_NAME "libmemcached"
| #define PACKAGE_TARNAME "libmemcached"
| #define PACKAGE_VERSION "0.32"
| #define PACKAGE_STRING "libmemcached 0.32"
| #define PACKAGE_BUGREPORT "http://tangent.org/552/libmemcached.html"
| #define PACKAGE_URL ""
| #define STDC_HEADERS 1
| #define HAVE_SYS_TYPES_H 1
| #define HAVE_SYS_STAT_H 1
| #define HAVE_STDLIB_H 1
| #define HAVE_STRING_H 1
| #define HAVE_MEMORY_H 1
| #define HAVE_STRINGS_H 1
| #define HAVE_INTTYPES_H 1
| #define HAVE_STDINT_H 1
| #define HAVE_UNISTD_H 1
| #define __EXTENSIONS__ 1
| #define _ALL_SOURCE 1
| #define _GNU_SOURCE 1
| #define _POSIX_PTHREAD_SEMANTICS 1
| #define _TANDEM_SOURCE 1
| #define HAVE_DLFCN_H 1
| #define LT_OBJDIR ".libs/"
| /* end confdefs.h.  */
| 
|   template <typename T>
|     struct check
|     {
|       static_assert(sizeof(int) <= sizeof(T), "not big enough");
|     };
| 
|     typedef check<check<bool>> right_angle_brackets;
| 
|     int a;
|     decltype(a) b;
| 
|     typedef check<int> check_type;
|     check_type c;
|     check_type&& cr = c;
| int
| main ()
| {
| 
|   ;
|   return 0;
| }
configure:15631: result: no
configure:15634: checking if g++ supports C++0x features with -std=gnu++0x
configure:15673: g++ -c -g -O2 -std=gnu++0x  conftest.cpp >&5
conftest.cpp:40:18: error: rvalue reference to type 'check<[...]>' cannot bind to lvalue of type 'check<[...]>'
    check_type&& cr = c;
                 ^    ~
1 error generated.
configure:15673: $? = 1
configure: failed program was:
| /* confdefs.h */
| #define PACKAGE_NAME "libmemcached"
| #define PACKAGE_TARNAME "libmemcached"
| #define PACKAGE_VERSION "0.32"
| #define PACKAGE_STRING "libmemcached 0.32"
| #define PACKAGE_BUGREPORT "http://tangent.org/552/libmemcached.html"
| #define PACKAGE_URL ""
| #define STDC_HEADERS 1
| #define HAVE_SYS_TYPES_H 1
| #define HAVE_SYS_STAT_H 1
| #define HAVE_STDLIB_H 1
| #define HAVE_STRING_H 1
| #define HAVE_MEMORY_H 1
| #define HAVE_STRINGS_H 1
| #define HAVE_INTTYPES_H 1
| #define HAVE_STDINT_H 1
| #define HAVE_UNISTD_H 1
| #define __EXTENSIONS__ 1
| #define _ALL_SOURCE 1
| #define _GNU_SOURCE 1
| #define _POSIX_PTHREAD_SEMANTICS 1
| #define _TANDEM_SOURCE 1
| #define HAVE_DLFCN_H 1
| #define LT_OBJDIR ".libs/"
| /* end confdefs.h.  */
| 
|   template <typename T>
|     struct check
|     {
|       static_assert(sizeof(int) <= sizeof(T), "not big enough");
|     };
| 
|     typedef check<check<bool>> right_angle_brackets;
| 
|     int a;
|     decltype(a) b;
| 
|     typedef check<int> check_type;
|     check_type c;
|     check_type&& cr = c;
| int
| main ()
| {
| 
|   ;
|   return 0;
| }
configure:15688: result: no
configure:15830: checking for stdlib.h
configure:15830: result: yes
configure:15840: checking for GNU libc compatible malloc
configure:15864: clang -o conftest -fPIC  -O3 -fno-fast-math -ggdb3 -Wall -Wextra -Wno-unused-parameter -Wno-parentheses -Wno-long-long -Wno-missing-field-initializers -Wunused-variable -Wpointer-arith -Wwrite-strings -Wdeclaration-after-statement -Wshorten-64-to-32 -Wimplicit-function-declaration -Wdivision-by-zero -Wextra-tokens  -pipe   -pipe  -fPIC -L. -fstack-protector -L/usr/local/opt/openssl/lib -L/usr/local/opt/readline/lib -L/usr/local/opt/libyaml/lib -L/usr/local/opt/gdbm/lib  -L. -fstack-protector -L/usr/local/opt/openssl/lib -L/usr/local/opt/readline/lib -L/usr/local/opt/libyaml/lib -L/usr/local/opt/gdbm/lib  -L/Users/arthurnn/.rubies/ruby-2.1.7/lib conftest.c  >&5
configure:15864: $? = 0
configure:15864: ./conftest
configure:15864: $? = 0
configure:15874: result: yes
configure:15897: checking for stdlib.h
configure:15897: result: yes
configure:15907: checking for GNU libc compatible realloc
configure:15931: clang -o conftest -fPIC  -O3 -fno-fast-math -ggdb3 -Wall -Wextra -Wno-unused-parameter -Wno-parentheses -Wno-long-long -Wno-missing-field-initializers -Wunused-variable -Wpointer-arith -Wwrite-strings -Wdeclaration-after-statement -Wshorten-64-to-32 -Wimplicit-function-declaration -Wdivision-by-zero -Wextra-tokens  -pipe   -pipe  -fPIC -L. -fstack-protector -L/usr/local/opt/openssl/lib -L/usr/local/opt/readline/lib -L/usr/local/opt/libyaml/lib -L/usr/local/opt/gdbm/lib  -L. -fstack-protector -L/usr/local/opt/openssl/lib -L/usr/local/opt/readline/lib -L/usr/local/opt/libyaml/lib -L/usr/local/opt/gdbm/lib  -L/Users/arthurnn/.rubies/ruby-2.1.7/lib conftest.c  >&5
configure:15931: $? = 0
configure:15931: ./conftest
configure:15931: $? = 0
configure:15941: result: yes
configure:16218: checking for C++ compiler version
configure:16227: g++ --version >&5
Apple LLVM version 7.0.2 (clang-700.1.81)
Target: x86_64-apple-darwin15.3.0
Thread model: posix
Configured with: --prefix=/Library/Developer/CommandLineTools/usr --with-gxx-include-dir=/usr/include/c++/4.2.1
configure:16238: $? = 0
configure:16227: g++ -v >&5
Configured with: --prefix=/Library/Developer/CommandLineTools/usr --with-gxx-include-dir=/usr/include/c++/4.2.1
Apple LLVM version 7.0.2 (clang-700.1.81)
Target: x86_64-apple-darwin15.3.0
Thread model: posix
configure:16238: $? = 0
configure:16227: g++ -V >&5
clang: error: argument to '-V' is missing (expected 1 value)
clang: error: no input files
configure:16238: $? = 1
configure:16227: g++ -qversion >&5
clang: error: unknown argument: '-qversion'
clang: error: no input files
configure:16238: $? = 1
configure:16242: checking whether we are using the GNU C++ compiler
configure:16270: result: yes
configure:16279: checking whether g++ accepts -g
configure:16340: result: yes
configure:16365: checking dependency style of g++
configure:16476: result: none
configure:16496: checking how to run the C preprocessor
configure:16566: result: clang -E
configure:16586: clang -E  conftest.c
configure:16586: $? = 0
configure:16600: clang -E  conftest.c
conftest.c:32:10: fatal error: 'ac_nonexistent.h' file not found
#include <ac_nonexistent.h>
         ^
1 error generated.
configure:16600: $? = 1
configure: failed program was:
| /* confdefs.h */
| #define PACKAGE_NAME "libmemcached"
| #define PACKAGE_TARNAME "libmemcached"
| #define PACKAGE_VERSION "0.32"
| #define PACKAGE_STRING "libmemcached 0.32"
| #define PACKAGE_BUGREPORT "http://tangent.org/552/libmemcached.html"
| #define PACKAGE_URL ""
| #define STDC_HEADERS 1
| #define HAVE_SYS_TYPES_H 1
| #define HAVE_SYS_STAT_H 1
| #define HAVE_STDLIB_H 1
| #define HAVE_STRING_H 1
| #define HAVE_MEMORY_H 1
| #define HAVE_STRINGS_H 1
| #define HAVE_INTTYPES_H 1
| #define HAVE_STDINT_H 1
| #define HAVE_UNISTD_H 1
| #define __EXTENSIONS__ 1
| #define _ALL_SOURCE 1
| #define _GNU_SOURCE 1
| #define _POSIX_PTHREAD_SEMANTICS 1
| #define _TANDEM_SOURCE 1
| #define HAVE_DLFCN_H 1
| #define LT_OBJDIR ".libs/"
| #define HAVE_STDLIB_H 1
| #define HAVE_MALLOC 1
| #define HAVE_STDLIB_H 1
| #define HAVE_REALLOC 1
| #define PACKAGE "libmemcached"
| #define VERSION "0.32"
| /* end confdefs.h.  */
| #include <ac_nonexistent.h>
configure:16634: checking whether __SUNPRO_C is declared
configure:16634: clang -c -fPIC  -O3 -fno-fast-math -ggdb3 -Wall -Wextra -Wno-unused-parameter -Wno-parentheses -Wno-long-long -Wno-missing-field-initializers -Wunused-variable -Wpointer-arith -Wwrite-strings -Wdeclaration-after-statement -Wshorten-64-to-32 -Wimplicit-function-declaration -Wdivision-by-zero -Wextra-tokens  -pipe   -pipe  conftest.c >&5
conftest.c:72:10: error: use of undeclared identifier '__SUNPRO_C'
  (void) __SUNPRO_C;
         ^
1 error generated.
configure:16634: $? = 1
configure: failed program was:
| /* confdefs.h */
| #define PACKAGE_NAME "libmemcached"
| #define PACKAGE_TARNAME "libmemcached"
| #define PACKAGE_VERSION "0.32"
| #define PACKAGE_STRING "libmemcached 0.32"
| #define PACKAGE_BUGREPORT "http://tangent.org/552/libmemcached.html"
| #define PACKAGE_URL ""
| #define STDC_HEADERS 1
| #define HAVE_SYS_TYPES_H 1
| #define HAVE_SYS_STAT_H 1
| #define HAVE_STDLIB_H 1
| #define HAVE_STRING_H 1
| #define HAVE_MEMORY_H 1
| #define HAVE_STRINGS_H 1
| #define HAVE_INTTYPES_H 1
| #define HAVE_STDINT_H 1
| #define HAVE_UNISTD_H 1
| #define __EXTENSIONS__ 1
| #define _ALL_SOURCE 1
| #define _GNU_SOURCE 1
| #define _POSIX_PTHREAD_SEMANTICS 1
| #define _TANDEM_SOURCE 1
| #define HAVE_DLFCN_H 1
| #define LT_OBJDIR ".libs/"
| #define HAVE_STDLIB_H 1
| #define HAVE_MALLOC 1
| #define HAVE_STDLIB_H 1
| #define HAVE_REALLOC 1
| #define PACKAGE "libmemcached"
| #define VERSION "0.32"
| /* end confdefs.h.  */
| #include <stdio.h>
| #ifdef HAVE_SYS_TYPES_H
| # include <sys/types.h>
| #endif
| #ifdef HAVE_SYS_STAT_H
| # include <sys/stat.h>
| #endif
| #ifdef STDC_HEADERS
| # include <stdlib.h>
| # include <stddef.h>
| #else
| # ifdef HAVE_STDLIB_H
| #  include <stdlib.h>
| # endif
| #endif
| #ifdef HAVE_STRING_H
| # if !defined STDC_HEADERS && defined HAVE_MEMORY_H
| #  include <memory.h>
| # endif
| # include <string.h>
| #endif
| #ifdef HAVE_STRINGS_H
| # include <strings.h>
| #endif
| #ifdef HAVE_INTTYPES_H
| # include <inttypes.h>
| #endif
| #ifdef HAVE_STDINT_H
| # include <stdint.h>
| #endif
| #ifdef HAVE_UNISTD_H
| # include <unistd.h>
| #endif
| int
| main ()
| {
| #ifndef __SUNPRO_C
| #ifdef __cplusplus
|   (void) __SUNPRO_C;
| #else
|   (void) __SUNPRO_C;
| #endif
| #endif
| 
|   ;
|   return 0;
| }
configure:16634: result: no
configure:16641: checking whether __ICC is declared
configure:16641: clang -c -fPIC  -O3 -fno-fast-math -ggdb3 -Wall -Wextra -Wno-unused-parameter -Wno-parentheses -Wno-long-long -Wno-missing-field-initializers -Wunused-variable -Wpointer-arith -Wwrite-strings -Wdeclaration-after-statement -Wshorten-64-to-32 -Wimplicit-function-declaration -Wdivision-by-zero -Wextra-tokens  -pipe   -pipe  conftest.c >&5
conftest.c:72:10: error: use of undeclared identifier '__ICC'
  (void) __ICC;
         ^
1 error generated.
configure:16641: $? = 1
configure: failed program was:
| /* confdefs.h */
| #define PACKAGE_NAME "libmemcached"
| #define PACKAGE_TARNAME "libmemcached"
| #define PACKAGE_VERSION "0.32"
| #define PACKAGE_STRING "libmemcached 0.32"
| #define PACKAGE_BUGREPORT "http://tangent.org/552/libmemcached.html"
| #define PACKAGE_URL ""
| #define STDC_HEADERS 1
| #define HAVE_SYS_TYPES_H 1
| #define HAVE_SYS_STAT_H 1
| #define HAVE_STDLIB_H 1
| #define HAVE_STRING_H 1
| #define HAVE_MEMORY_H 1
| #define HAVE_STRINGS_H 1
| #define HAVE_INTTYPES_H 1
| #define HAVE_STDINT_H 1
| #define HAVE_UNISTD_H 1
| #define __EXTENSIONS__ 1
| #define _ALL_SOURCE 1
| #define _GNU_SOURCE 1
| #define _POSIX_PTHREAD_SEMANTICS 1
| #define _TANDEM_SOURCE 1
| #define HAVE_DLFCN_H 1
| #define LT_OBJDIR ".libs/"
| #define HAVE_STDLIB_H 1
| #define HAVE_MALLOC 1
| #define HAVE_STDLIB_H 1
| #define HAVE_REALLOC 1
| #define PACKAGE "libmemcached"
| #define VERSION "0.32"
| /* end confdefs.h.  */
| #include <stdio.h>
| #ifdef HAVE_SYS_TYPES_H
| # include <sys/types.h>
| #endif
| #ifdef HAVE_SYS_STAT_H
| # include <sys/stat.h>
| #endif
| #ifdef STDC_HEADERS
| # include <stdlib.h>
| # include <stddef.h>
| #else
| # ifdef HAVE_STDLIB_H
| #  include <stdlib.h>
| # endif
| #endif
| #ifdef HAVE_STRING_H
| # if !defined STDC_HEADERS && defined HAVE_MEMORY_H
| #  include <memory.h>
| # endif
| # include <string.h>
| #endif
| #ifdef HAVE_STRINGS_H
| # include <strings.h>
| #endif
| #ifdef HAVE_INTTYPES_H
| # include <inttypes.h>
| #endif
| #ifdef HAVE_STDINT_H
| # include <stdint.h>
| #endif
| #ifdef HAVE_UNISTD_H
| # include <unistd.h>
| #endif
| int
| main ()
| {
| #ifndef __ICC
| #ifdef __cplusplus
|   (void) __ICC;
| #else
|   (void) __ICC;
| #endif
| #endif
| 
|   ;
|   return 0;
| }
configure:16641: result: no
configure:16676: checking for ISO C++ 98 include files
configure:16748: g++ -c -std=gnu++98  conftest.cpp >&5
configure:16748: $? = 0
configure:16762: result: yes
configure:16784: checking memory usability
configure:16784: g++ -c -std=gnu++98  conftest.cpp >&5
configure:16784: $? = 0
configure:16784: result: yes
configure:16784: checking memory presence
configure:16784: g++ -E  conftest.cpp
configure:16784: $? = 0
configure:16784: result: yes
configure:16784: checking for memory
configure:16784: result: yes
configure:16784: checking tr1/memory usability
configure:16784: g++ -c -std=gnu++98  conftest.cpp >&5
conftest.cpp:67:10: fatal error: 'tr1/memory' file not found
#include <tr1/memory>
         ^
1 error generated.
configure:16784: $? = 1
configure: failed program was:
| /* confdefs.h */
| #define PACKAGE_NAME "libmemcached"
| #define PACKAGE_TARNAME "libmemcached"
| #define PACKAGE_VERSION "0.32"
| #define PACKAGE_STRING "libmemcached 0.32"
| #define PACKAGE_BUGREPORT "http://tangent.org/552/libmemcached.html"
| #define PACKAGE_URL ""
| #define STDC_HEADERS 1
| #define HAVE_SYS_TYPES_H 1
| #define HAVE_SYS_STAT_H 1
| #define HAVE_STDLIB_H 1
| #define HAVE_STRING_H 1
| #define HAVE_MEMORY_H 1
| #define HAVE_STRINGS_H 1
| #define HAVE_INTTYPES_H 1
| #define HAVE_STDINT_H 1
| #define HAVE_UNISTD_H 1
| #define __EXTENSIONS__ 1
| #define _ALL_SOURCE 1
| #define _GNU_SOURCE 1
| #define _POSIX_PTHREAD_SEMANTICS 1
| #define _TANDEM_SOURCE 1
| #define HAVE_DLFCN_H 1
| #define LT_OBJDIR ".libs/"
| #define HAVE_STDLIB_H 1
| #define HAVE_MALLOC 1
| #define HAVE_STDLIB_H 1
| #define HAVE_REALLOC 1
| #define PACKAGE "libmemcached"
| #define VERSION "0.32"
| #define STDCXX_98_HEADERS /**/
| #define HAVE_MEMORY 1
| /* end confdefs.h.  */
| #include <stdio.h>
| #ifdef HAVE_SYS_TYPES_H
| # include <sys/types.h>
| #endif
| #ifdef HAVE_SYS_STAT_H
| # include <sys/stat.h>
| #endif
| #ifdef STDC_HEADERS
| # include <stdlib.h>
| # include <stddef.h>
| #else
| # ifdef HAVE_STDLIB_H
| #  include <stdlib.h>
| # endif
| #endif
| #ifdef HAVE_STRING_H
| # if !defined STDC_HEADERS && defined HAVE_MEMORY_H
| #  include <memory.h>
| # endif
| # include <string.h>
| #endif
| #ifdef HAVE_STRINGS_H
| # include <strings.h>
| #endif
| #ifdef HAVE_INTTYPES_H
| # include <inttypes.h>
| #endif
| #ifdef HAVE_STDINT_H
| # include <stdint.h>
| #endif
| #ifdef HAVE_UNISTD_H
| # include <unistd.h>
| #endif
| #include <tr1/memory>
configure:16784: result: no
configure:16784: checking tr1/memory presence
configure:16784: g++ -E  conftest.cpp
conftest.cpp:34:10: fatal error: 'tr1/memory' file not found
#include <tr1/memory>
         ^
1 error generated.
configure:16784: $? = 1
configure: failed program was:
| /* confdefs.h */
| #define PACKAGE_NAME "libmemcached"
| #define PACKAGE_TARNAME "libmemcached"
| #define PACKAGE_VERSION "0.32"
| #define PACKAGE_STRING "libmemcached 0.32"
| #define PACKAGE_BUGREPORT "http://tangent.org/552/libmemcached.html"
| #define PACKAGE_URL ""
| #define STDC_HEADERS 1
| #define HAVE_SYS_TYPES_H 1
| #define HAVE_SYS_STAT_H 1
| #define HAVE_STDLIB_H 1
| #define HAVE_STRING_H 1
| #define HAVE_MEMORY_H 1
| #define HAVE_STRINGS_H 1
| #define HAVE_INTTYPES_H 1
| #define HAVE_STDINT_H 1
| #define HAVE_UNISTD_H 1
| #define __EXTENSIONS__ 1
| #define _ALL_SOURCE 1
| #define _GNU_SOURCE 1
| #define _POSIX_PTHREAD_SEMANTICS 1
| #define _TANDEM_SOURCE 1
| #define HAVE_DLFCN_H 1
| #define LT_OBJDIR ".libs/"
| #define HAVE_STDLIB_H 1
| #define HAVE_MALLOC 1
| #define HAVE_STDLIB_H 1
| #define HAVE_REALLOC 1
| #define PACKAGE "libmemcached"
| #define VERSION "0.32"
| #define STDCXX_98_HEADERS /**/
| #define HAVE_MEMORY 1
| /* end confdefs.h.  */
| #include <tr1/memory>
configure:16784: result: no
configure:16784: checking for tr1/memory
configure:16784: result: no
configure:16784: checking boost/shared_ptr.hpp usability
configure:16784: g++ -c -std=gnu++98  conftest.cpp >&5
configure:16784: $? = 0
configure:16784: result: yes
configure:16784: checking boost/shared_ptr.hpp presence
configure:16784: g++ -E  conftest.cpp
configure:16784: $? = 0
configure:16784: result: yes
configure:16784: checking for boost/shared_ptr.hpp
configure:16784: result: yes
configure:16794: checking the location of shared_ptr header file
configure:16829: g++ -c -std=gnu++98  conftest.cpp >&5
configure:16829: $? = 0
configure:16841: result: 
configure:16866: checking whether byte ordering is bigendian
configure:16881: clang -c -fPIC  -O3 -fno-fast-math -ggdb3 -Wall -Wextra -Wno-unused-parameter -Wno-parentheses -Wno-long-long -Wno-missing-field-initializers -Wunused-variable -Wpointer-arith -Wwrite-strings -Wdeclaration-after-statement -Wshorten-64-to-32 -Wimplicit-function-declaration -Wdivision-by-zero -Wextra-tokens  -pipe   -pipe  conftest.c >&5
configure:16881: $? = 0
configure:16926: clang -c -fPIC  -O3 -fno-fast-math -ggdb3 -Wall -Wextra -Wno-unused-parameter -Wno-parentheses -Wno-long-long -Wno-missing-field-initializers -Wunused-variable -Wpointer-arith -Wwrite-strings -Wdeclaration-after-statement -Wshorten-64-to-32 -Wimplicit-function-declaration -Wdivision-by-zero -Wextra-tokens  -pipe   -pipe  conftest.c >&5
configure:16926: $? = 0
configure:16944: clang -c -fPIC  -O3 -fno-fast-math -ggdb3 -Wall -Wextra -Wno-unused-parameter -Wno-parentheses -Wno-long-long -Wno-missing-field-initializers -Wunused-variable -Wpointer-arith -Wwrite-strings -Wdeclaration-after-statement -Wshorten-64-to-32 -Wimplicit-function-declaration -Wdivision-by-zero -Wextra-tokens  -pipe   -pipe  conftest.c >&5
conftest.c:43:4: error: use of undeclared identifier 'not'
                 not big endian
                 ^
1 error generated.
configure:16944: $? = 1
configure: failed program was:
| /* confdefs.h */
| #define PACKAGE_NAME "libmemcached"
| #define PACKAGE_TARNAME "libmemcached"
| #define PACKAGE_VERSION "0.32"
| #define PACKAGE_STRING "libmemcached 0.32"
| #define PACKAGE_BUGREPORT "http://tangent.org/552/libmemcached.html"
| #define PACKAGE_URL ""
| #define STDC_HEADERS 1
| #define HAVE_SYS_TYPES_H 1
| #define HAVE_SYS_STAT_H 1
| #define HAVE_STDLIB_H 1
| #define HAVE_STRING_H 1
| #define HAVE_MEMORY_H 1
| #define HAVE_STRINGS_H 1
| #define HAVE_INTTYPES_H 1
| #define HAVE_STDINT_H 1
| #define HAVE_UNISTD_H 1
| #define __EXTENSIONS__ 1
| #define _ALL_SOURCE 1
| #define _GNU_SOURCE 1
| #define _POSIX_PTHREAD_SEMANTICS 1
| #define _TANDEM_SOURCE 1
| #define HAVE_DLFCN_H 1
| #define LT_OBJDIR ".libs/"
| #define HAVE_STDLIB_H 1
| #define HAVE_MALLOC 1
| #define HAVE_STDLIB_H 1
| #define HAVE_REALLOC 1
| #define PACKAGE "libmemcached"
| #define VERSION "0.32"
| #define STDCXX_98_HEADERS /**/
| #define HAVE_MEMORY 1
| #define HAVE_BOOST_SHARED_PTR_HPP 1
| #define SHARED_PTR_NAMESPACE std
| /* end confdefs.h.  */
| #include <sys/types.h>
| 		#include <sys/param.h>
| 
| int
| main ()
| {
| #if BYTE_ORDER != BIG_ENDIAN
| 		 not big endian
| 		#endif
| 
|   ;
|   return 0;
| }
configure:17072: result: no
configure:17090: checking for an ANSI C-conforming const
configure:17156: clang -c -fPIC  -O3 -fno-fast-math -ggdb3 -Wall -Wextra -Wno-unused-parameter -Wno-parentheses -Wno-long-long -Wno-missing-field-initializers -Wunused-variable -Wpointer-arith -Wwrite-strings -Wdeclaration-after-statement -Wshorten-64-to-32 -Wimplicit-function-declaration -Wdivision-by-zero -Wextra-tokens  -pipe   -pipe  conftest.c >&5
configure:17156: $? = 0
configure:17163: result: yes
configure:17171: checking for inline
configure:17187: clang -c -fPIC  -O3 -fno-fast-math -ggdb3 -Wall -Wextra -Wno-unused-parameter -Wno-parentheses -Wno-long-long -Wno-missing-field-initializers -Wunused-variable -Wpointer-arith -Wwrite-strings -Wdeclaration-after-statement -Wshorten-64-to-32 -Wimplicit-function-declaration -Wdivision-by-zero -Wextra-tokens  -pipe   -pipe  conftest.c >&5
conftest.c:38:21: warning: unused function 'static_foo' [-Wunused-function]
static inline foo_t static_foo () {return 0; }
                    ^
1 warning generated.
configure:17187: $? = 0
configure:17195: result: inline
configure:17213: checking for working volatile
configure:17232: clang -c -fPIC  -O3 -fno-fast-math -ggdb3 -Wall -Wextra -Wno-unused-parameter -Wno-parentheses -Wno-long-long -Wno-missing-field-initializers -Wunused-variable -Wpointer-arith -Wwrite-strings -Wdeclaration-after-statement -Wshorten-64-to-32 -Wimplicit-function-declaration -Wdivision-by-zero -Wextra-tokens  -pipe   -pipe  conftest.c >&5
conftest.c:43:9: warning: variable 'x' is uninitialized when used here [-Wuninitialized]
return !x && !y;
        ^
conftest.c:41:15: note: initialize the variable 'x' to silence this warning
volatile int x;
              ^
               = 0
1 warning generated.
configure:17232: $? = 0
configure:17239: result: yes
configure:17247: checking for C/C++ restrict keyword
configure:17272: clang -c -fPIC  -O3 -fno-fast-math -ggdb3 -Wall -Wextra -Wno-unused-parameter -Wno-parentheses -Wno-long-long -Wno-missing-field-initializers -Wunused-variable -Wpointer-arith -Wwrite-strings -Wdeclaration-after-statement -Wshorten-64-to-32 -Wimplicit-function-declaration -Wdivision-by-zero -Wextra-tokens  -pipe   -pipe  conftest.c >&5
configure:17272: $? = 0
configure:17280: result: __restrict
configure:17294: checking whether time.h and sys/time.h may both be included
configure:17314: clang -c -fPIC  -O3 -fno-fast-math -ggdb3 -Wall -Wextra -Wno-unused-parameter -Wno-parentheses -Wno-long-long -Wno-missing-field-initializers -Wunused-variable -Wpointer-arith -Wwrite-strings -Wdeclaration-after-statement -Wshorten-64-to-32 -Wimplicit-function-declaration -Wdivision-by-zero -Wextra-tokens  -pipe   -pipe  conftest.c >&5
configure:17314: $? = 0
configure:17321: result: yes
configure:17329: checking for size_t
configure:17329: clang -c -fPIC  -O3 -fno-fast-math -ggdb3 -Wall -Wextra -Wno-unused-parameter -Wno-parentheses -Wno-long-long -Wno-missing-field-initializers -Wunused-variable -Wpointer-arith -Wwrite-strings -Wdeclaration-after-statement -Wshorten-64-to-32 -Wimplicit-function-declaration -Wdivision-by-zero -Wextra-tokens  -pipe   -pipe  conftest.c >&5
configure:17329: $? = 0
configure:17329: clang -c -fPIC  -O3 -fno-fast-math -ggdb3 -Wall -Wextra -Wno-unused-parameter -Wno-parentheses -Wno-long-long -Wno-missing-field-initializers -Wunused-variable -Wpointer-arith -Wwrite-strings -Wdeclaration-after-statement -Wshorten-64-to-32 -Wimplicit-function-declaration -Wdivision-by-zero -Wextra-tokens  -pipe   -pipe  conftest.c >&5
conftest.c:74:21: error: expected expression
if (sizeof ((size_t)))
                    ^
1 error generated.
configure:17329: $? = 1
configure: failed program was:
| /* confdefs.h */
| #define PACKAGE_NAME "libmemcached"
| #define PACKAGE_TARNAME "libmemcached"
| #define PACKAGE_VERSION "0.32"
| #define PACKAGE_STRING "libmemcached 0.32"
| #define PACKAGE_BUGREPORT "http://tangent.org/552/libmemcached.html"
| #define PACKAGE_URL ""
| #define STDC_HEADERS 1
| #define HAVE_SYS_TYPES_H 1
| #define HAVE_SYS_STAT_H 1
| #define HAVE_STDLIB_H 1
| #define HAVE_STRING_H 1
| #define HAVE_MEMORY_H 1
| #define HAVE_STRINGS_H 1
| #define HAVE_INTTYPES_H 1
| #define HAVE_STDINT_H 1
| #define HAVE_UNISTD_H 1
| #define __EXTENSIONS__ 1
| #define _ALL_SOURCE 1
| #define _GNU_SOURCE 1
| #define _POSIX_PTHREAD_SEMANTICS 1
| #define _TANDEM_SOURCE 1
| #define HAVE_DLFCN_H 1
| #define LT_OBJDIR ".libs/"
| #define HAVE_STDLIB_H 1
| #define HAVE_MALLOC 1
| #define HAVE_STDLIB_H 1
| #define HAVE_REALLOC 1
| #define PACKAGE "libmemcached"
| #define VERSION "0.32"
| #define STDCXX_98_HEADERS /**/
| #define HAVE_MEMORY 1
| #define HAVE_BOOST_SHARED_PTR_HPP 1
| #define SHARED_PTR_NAMESPACE std
| #define restrict __restrict
| #define TIME_WITH_SYS_TIME 1
| /* end confdefs.h.  */
| #include <stdio.h>
| #ifdef HAVE_SYS_TYPES_H
| # include <sys/types.h>
| #endif
| #ifdef HAVE_SYS_STAT_H
| # include <sys/stat.h>
| #endif
| #ifdef STDC_HEADERS
| # include <stdlib.h>
| # include <stddef.h>
| #else
| # ifdef HAVE_STDLIB_H
| #  include <stdlib.h>
| # endif
| #endif
| #ifdef HAVE_STRING_H
| # if !defined STDC_HEADERS && defined HAVE_MEMORY_H
| #  include <memory.h>
| # endif
| # include <string.h>
| #endif
| #ifdef HAVE_STRINGS_H
| # include <strings.h>
| #endif
| #ifdef HAVE_INTTYPES_H
| # include <inttypes.h>
| #endif
| #ifdef HAVE_STDINT_H
| # include <stdint.h>
| #endif
| #ifdef HAVE_UNISTD_H
| # include <unistd.h>
| #endif
| int
| main ()
| {
| if (sizeof ((size_t)))
| 	    return 0;
|   ;
|   return 0;
| }
configure:17329: result: yes
configure:17347: checking for special C compiler options needed for large files
configure:17392: result: no
configure:17398: checking for _FILE_OFFSET_BITS value needed for large files
configure:17423: clang -c -fPIC  -O3 -fno-fast-math -ggdb3 -Wall -Wextra -Wno-unused-parameter -Wno-parentheses -Wno-long-long -Wno-missing-field-initializers -Wunused-variable -Wpointer-arith -Wwrite-strings -Wdeclaration-after-statement -Wshorten-64-to-32 -Wimplicit-function-declaration -Wdivision-by-zero -Wextra-tokens  -pipe   -pipe  conftest.c >&5
configure:17423: $? = 0
configure:17455: result: no
configure:17544: checking "C Compiler version--yes"
configure:17562: result: "Apple LLVM version 7.0.2 (clang-700.1.81)"
configure:17567: checking "C++ Compiler version"
configure:17585: result: "Apple LLVM version 7.0.2 (clang-700.1.81)"
configure:17673: checking for simple visibility declarations
configure:17695: clang -std=gnu99 -c -fPIC  -O3 -fno-fast-math -ggdb3 -Wall -Wextra -Wno-unused-parameter -Wno-parentheses -Wno-long-long -Wno-missing-field-initializers -Wunused-variable -Wpointer-arith -Wwrite-strings -Wdeclaration-after-statement -Wshorten-64-to-32 -Wimplicit-function-declaration -Wdivision-by-zero -Wextra-tokens  -pipe   -pipe -Werror -fvisibility=hidden  conftest.c >&5
configure:17695: $? = 0
configure:17704: result: yes
configure:17722: checking whether to enable assertions
configure:17731: result: yes
configure:17737: checking assert.h usability
configure:17737: clang -std=gnu99 -c -fPIC  -O3 -fno-fast-math -ggdb3 -Wall -Wextra -Wno-unused-parameter -Wno-parentheses -Wno-long-long -Wno-missing-field-initializers -Wunused-variable -Wpointer-arith -Wwrite-strings -Wdeclaration-after-statement -Wshorten-64-to-32 -Wimplicit-function-declaration -Wdivision-by-zero -Wextra-tokens  -pipe   -pipe  conftest.c >&5
configure:17737: $? = 0
configure:17737: result: yes
configure:17737: checking assert.h presence
configure:17737: clang -E  conftest.c
configure:17737: $? = 0
configure:17737: result: yes
configure:17737: checking for assert.h
configure:17737: result: yes
configure:17855: checking whether it is safe to use -fdiagnostics-show-option
configure:17873: clang -std=gnu99 -c -fdiagnostics-show-option  -O3 -fPIC  -O3 -fno-fast-math -ggdb3 -Wall -Wextra -Wno-unused-parameter -Wno-parentheses -Wno-long-long -Wno-missing-field-initializers -Wunused-variable -Wpointer-arith -Wwrite-strings -Wdeclaration-after-statement -Wshorten-64-to-32 -Wimplicit-function-declaration -Wdivision-by-zero -Wextra-tokens  -pipe   -pipe  conftest.c >&5
configure:17873: $? = 0
configure:17881: result: yes
configure:17890: checking whether it is safe to use -Wconversion
configure:17916: clang -std=gnu99 -c -Wconversion -Werror -pedantic  -O3 -fPIC  -O3 -fno-fast-math -ggdb3 -Wall -Wextra -Wno-unused-parameter -Wno-parentheses -Wno-long-long -Wno-missing-field-initializers -Wunused-variable -Wpointer-arith -Wwrite-strings -Wdeclaration-after-statement -Wshorten-64-to-32 -Wimplicit-function-declaration -Wdivision-by-zero -Wextra-tokens  -pipe   -pipe  conftest.c >&5
configure:17916: $? = 0
configure:17924: result: yes
configure:17929: checking whether it is safe to use -Wconversion with htons
configure:17951: clang -std=gnu99 -c -Wconversion -Werror -pedantic  -O3 -fPIC  -O3 -fno-fast-math -ggdb3 -Wall -Wextra -Wno-unused-parameter -Wno-parentheses -Wno-long-long -Wno-missing-field-initializers -Wunused-variable -Wpointer-arith -Wwrite-strings -Wdeclaration-after-statement -Wshorten-64-to-32 -Wimplicit-function-declaration -Wdivision-by-zero -Wextra-tokens  -pipe   -pipe  conftest.c >&5
conftest.c:47:10: error: unused variable 'x' [-Werror,-Wunused-variable]
uint16_t x= htons(80);
         ^
1 error generated.
configure:17951: $? = 1
configure: failed program was:
| /* confdefs.h */
| #define PACKAGE_NAME "libmemcached"
| #define PACKAGE_TARNAME "libmemcached"
| #define PACKAGE_VERSION "0.32"
| #define PACKAGE_STRING "libmemcached 0.32"
| #define PACKAGE_BUGREPORT "http://tangent.org/552/libmemcached.html"
| #define PACKAGE_URL ""
| #define STDC_HEADERS 1
| #define HAVE_SYS_TYPES_H 1
| #define HAVE_SYS_STAT_H 1
| #define HAVE_STDLIB_H 1
| #define HAVE_STRING_H 1
| #define HAVE_MEMORY_H 1
| #define HAVE_STRINGS_H 1
| #define HAVE_INTTYPES_H 1
| #define HAVE_STDINT_H 1
| #define HAVE_UNISTD_H 1
| #define __EXTENSIONS__ 1
| #define _ALL_SOURCE 1
| #define _GNU_SOURCE 1
| #define _POSIX_PTHREAD_SEMANTICS 1
| #define _TANDEM_SOURCE 1
| #define HAVE_DLFCN_H 1
| #define LT_OBJDIR ".libs/"
| #define HAVE_STDLIB_H 1
| #define HAVE_MALLOC 1
| #define HAVE_STDLIB_H 1
| #define HAVE_REALLOC 1
| #define PACKAGE "libmemcached"
| #define VERSION "0.32"
| #define STDCXX_98_HEADERS /**/
| #define HAVE_MEMORY 1
| #define HAVE_BOOST_SHARED_PTR_HPP 1
| #define SHARED_PTR_NAMESPACE std
| #define restrict __restrict
| #define TIME_WITH_SYS_TIME 1
| #define HAVE_VISIBILITY 1
| #define HAVE_ASSERT_H 1
| /* end confdefs.h.  */
| 
| #include <netinet/in.h>
| 
| int
| main ()
| {
| 
| uint16_t x= htons(80);
| 
|   ;
|   return 0;
| }
configure:17959: result: no
configure:17995: checking whether it is safe to use -Wmissing-declarations from C++
configure:18023: g++ -c -Werror -pedantic -Wmissing-declarations  -O3  conftest.cpp >&5
configure:18023: $? = 0
configure:18038: result: yes
configure:18044: checking whether it is safe to use -Wlogical-op
configure:18066: clang -std=gnu99 -c  -pedantic -Wlogical-op  -O3 -fPIC  -O3 -fno-fast-math -ggdb3 -Wall -Wextra -Wno-unused-parameter -Wno-parentheses -Wno-long-long -Wno-missing-field-initializers -Wunused-variable -Wpointer-arith -Wwrite-strings -Wdeclaration-after-statement -Wshorten-64-to-32 -Wimplicit-function-declaration -Wdivision-by-zero -Wextra-tokens  -pipe   -pipe  conftest.c >&5
warning: unknown warning option '-Wlogical-op'; did you mean '-Wlong-long'? [-Wunknown-warning-option]
1 warning generated.
configure:18066: $? = 0
configure:18074: result: yes
configure:18080: checking whether it is safe to use -Wredundant-decls from C++
configure:18108: g++ -c  -pedantic -Wredundant-decls  -O3  conftest.cpp >&5
configure:18108: $? = 0
configure:18122: result: yes
configure:18662: checking for doxygen
configure:18692: result: no
configure:18704: checking for perl
configure:18720: found /usr/bin/perl
configure:18731: result: perl
configure:18962: checking for the pthreads library -lpthreads
configure:18995: clang -std=gnu99 -o conftest -fPIC  -O3 -fno-fast-math -ggdb3 -Wall -Wextra -Wno-unused-parameter -Wno-parentheses -Wno-long-long -Wno-missing-field-initializers -Wunused-variable -Wpointer-arith -Wwrite-strings -Wdeclaration-after-statement -Wshorten-64-to-32 -Wimplicit-function-declaration -Wdivision-by-zero -Wextra-tokens  -pipe   -pipe  -I/Users/arthurnn/src/memcached/ext/rlibmemcached/include -fPIC -L. -fstack-protector -L/usr/local/opt/openssl/lib -L/usr/local/opt/readline/lib -L/usr/local/opt/libyaml/lib -L/usr/local/opt/gdbm/lib  -L. -fstack-protector -L/usr/local/opt/openssl/lib -L/usr/local/opt/readline/lib -L/usr/local/opt/libyaml/lib -L/usr/local/opt/gdbm/lib  -L/Users/arthurnn/.rubies/ruby-2.1.7/lib -L/Users/arthurnn/src/memcached/ext/rlibmemcached/lib conftest.c -lpthreads  >&5
conftest.c:44:28: warning: variable 'th' is uninitialized when used here [-Wuninitialized]
pthread_t th; pthread_join(th, 0);
                           ^~
conftest.c:44:13: note: initialize the variable 'th' to silence this warning
pthread_t th; pthread_join(th, 0);
            ^
             = NULL
1 warning generated.
ld: library not found for -lpthreads
clang: error: linker command failed with exit code 1 (use -v to see invocation)
configure:18995: $? = 1
configure: failed program was:
| /* confdefs.h */
| #define PACKAGE_NAME "libmemcached"
| #define PACKAGE_TARNAME "libmemcached"
| #define PACKAGE_VERSION "0.32"
| #define PACKAGE_STRING "libmemcached 0.32"
| #define PACKAGE_BUGREPORT "http://tangent.org/552/libmemcached.html"
| #define PACKAGE_URL ""
| #define STDC_HEADERS 1
| #define HAVE_SYS_TYPES_H 1
| #define HAVE_SYS_STAT_H 1
| #define HAVE_STDLIB_H 1
| #define HAVE_STRING_H 1
| #define HAVE_MEMORY_H 1
| #define HAVE_STRINGS_H 1
| #define HAVE_INTTYPES_H 1
| #define HAVE_STDINT_H 1
| #define HAVE_UNISTD_H 1
| #define __EXTENSIONS__ 1
| #define _ALL_SOURCE 1
| #define _GNU_SOURCE 1
| #define _POSIX_PTHREAD_SEMANTICS 1
| #define _TANDEM_SOURCE 1
| #define HAVE_DLFCN_H 1
| #define LT_OBJDIR ".libs/"
| #define HAVE_STDLIB_H 1
| #define HAVE_MALLOC 1
| #define HAVE_STDLIB_H 1
| #define HAVE_REALLOC 1
| #define PACKAGE "libmemcached"
| #define VERSION "0.32"
| #define STDCXX_98_HEADERS /**/
| #define HAVE_MEMORY 1
| #define HAVE_BOOST_SHARED_PTR_HPP 1
| #define SHARED_PTR_NAMESPACE std
| #define restrict __restrict
| #define TIME_WITH_SYS_TIME 1
| #define HAVE_VISIBILITY 1
| #define HAVE_ASSERT_H 1
| /* end confdefs.h.  */
| #include <pthread.h>
| int
| main ()
| {
| pthread_t th; pthread_join(th, 0);
|                      pthread_attr_init(0); pthread_cleanup_push(0, 0);
|                      pthread_create(0,0,0,0); pthread_cleanup_pop(0);
|   ;
|   return 0;
| }
configure:19004: result: no
configure:18907: checking whether pthreads work without any flags
configure:18995: clang -std=gnu99 -o conftest -fPIC  -O3 -fno-fast-math -ggdb3 -Wall -Wextra -Wno-unused-parameter -Wno-parentheses -Wno-long-long -Wno-missing-field-initializers -Wunused-variable -Wpointer-arith -Wwrite-strings -Wdeclaration-after-statement -Wshorten-64-to-32 -Wimplicit-function-declaration -Wdivision-by-zero -Wextra-tokens  -pipe   -pipe  -I/Users/arthurnn/src/memcached/ext/rlibmemcached/include -fPIC -L. -fstack-protector -L/usr/local/opt/openssl/lib -L/usr/local/opt/readline/lib -L/usr/local/opt/libyaml/lib -L/usr/local/opt/gdbm/lib  -L. -fstack-protector -L/usr/local/opt/openssl/lib -L/usr/local/opt/readline/lib -L/usr/local/opt/libyaml/lib -L/usr/local/opt/gdbm/lib  -L/Users/arthurnn/.rubies/ruby-2.1.7/lib -L/Users/arthurnn/src/memcached/ext/rlibmemcached/lib conftest.c   >&5
conftest.c:44:28: warning: variable 'th' is uninitialized when used here [-Wuninitialized]
pthread_t th; pthread_join(th, 0);
                           ^~
conftest.c:44:13: note: initialize the variable 'th' to silence this warning
pthread_t th; pthread_join(th, 0);
            ^
             = NULL
1 warning generated.
configure:18995: $? = 0
configure:19004: result: yes
configure:19023: checking for joinable pthread attribute
configure:19038: clang -std=gnu99 -o conftest -fPIC  -O3 -fno-fast-math -ggdb3 -Wall -Wextra -Wno-unused-parameter -Wno-parentheses -Wno-long-long -Wno-missing-field-initializers -Wunused-variable -Wpointer-arith -Wwrite-strings -Wdeclaration-after-statement -Wshorten-64-to-32 -Wimplicit-function-declaration -Wdivision-by-zero -Wextra-tokens  -pipe   -pipe  -I/Users/arthurnn/src/memcached/ext/rlibmemcached/include -fPIC -L. -fstack-protector -L/usr/local/opt/openssl/lib -L/usr/local/opt/readline/lib -L/usr/local/opt/libyaml/lib -L/usr/local/opt/gdbm/lib  -L. -fstack-protector -L/usr/local/opt/openssl/lib -L/usr/local/opt/readline/lib -L/usr/local/opt/libyaml/lib -L/usr/local/opt/gdbm/lib  -L/Users/arthurnn/.rubies/ruby-2.1.7/lib -L/Users/arthurnn/src/memcached/ext/rlibmemcached/lib conftest.c   >&5
configure:19038: $? = 0
configure:19044: result: PTHREAD_CREATE_JOINABLE
configure:19054: checking if more special flags are required for pthreads
configure:19061: result: -D_THREAD_SAFE
configure:19148: checking for library containing getopt_long
configure:19179: clang -std=gnu99 -o conftest -D_THREAD_SAFE  -fPIC  -O3 -fno-fast-math -ggdb3 -Wall -Wextra -Wno-unused-parameter -Wno-parentheses -Wno-long-long -Wno-missing-field-initializers -Wunused-variable -Wpointer-arith -Wwrite-strings -Wdeclaration-after-statement -Wshorten-64-to-32 -Wimplicit-function-declaration -Wdivision-by-zero -Wextra-tokens  -pipe   -pipe -I/Users/arthurnn/src/memcached/ext/rlibmemcached/include -fPIC -L. -fstack-protector -L/usr/local/opt/openssl/lib -L/usr/local/opt/readline/lib -L/usr/local/opt/libyaml/lib -L/usr/local/opt/gdbm/lib  -L. -fstack-protector -L/usr/local/opt/openssl/lib -L/usr/local/opt/readline/lib -L/usr/local/opt/libyaml/lib -L/usr/local/opt/gdbm/lib  -L/Users/arthurnn/.rubies/ruby-2.1.7/lib -L/Users/arthurnn/src/memcached/ext/rlibmemcached/lib conftest.c   >&5
configure:19179: $? = 0
configure:19196: result: none required
configure:19204: checking for library containing socket
configure:19235: clang -std=gnu99 -o conftest -D_THREAD_SAFE  -fPIC  -O3 -fno-fast-math -ggdb3 -Wall -Wextra -Wno-unused-parameter -Wno-parentheses -Wno-long-long -Wno-missing-field-initializers -Wunused-variable -Wpointer-arith -Wwrite-strings -Wdeclaration-after-statement -Wshorten-64-to-32 -Wimplicit-function-declaration -Wdivision-by-zero -Wextra-tokens  -pipe   -pipe -I/Users/arthurnn/src/memcached/ext/rlibmemcached/include -fPIC -L. -fstack-protector -L/usr/local/opt/openssl/lib -L/usr/local/opt/readline/lib -L/usr/local/opt/libyaml/lib -L/usr/local/opt/gdbm/lib  -L. -fstack-protector -L/usr/local/opt/openssl/lib -L/usr/local/opt/readline/lib -L/usr/local/opt/libyaml/lib -L/usr/local/opt/gdbm/lib  -L/Users/arthurnn/.rubies/ruby-2.1.7/lib -L/Users/arthurnn/src/memcached/ext/rlibmemcached/lib conftest.c   >&5
configure:19235: $? = 0
configure:19252: result: none required
configure:19260: checking for library containing gethostbyname
configure:19291: clang -std=gnu99 -o conftest -D_THREAD_SAFE  -fPIC  -O3 -fno-fast-math -ggdb3 -Wall -Wextra -Wno-unused-parameter -Wno-parentheses -Wno-long-long -Wno-missing-field-initializers -Wunused-variable -Wpointer-arith -Wwrite-strings -Wdeclaration-after-statement -Wshorten-64-to-32 -Wimplicit-function-declaration -Wdivision-by-zero -Wextra-tokens  -pipe   -pipe -I/Users/arthurnn/src/memcached/ext/rlibmemcached/include -fPIC -L. -fstack-protector -L/usr/local/opt/openssl/lib -L/usr/local/opt/readline/lib -L/usr/local/opt/libyaml/lib -L/usr/local/opt/gdbm/lib  -L. -fstack-protector -L/usr/local/opt/openssl/lib -L/usr/local/opt/readline/lib -L/usr/local/opt/libyaml/lib -L/usr/local/opt/gdbm/lib  -L/Users/arthurnn/.rubies/ruby-2.1.7/lib -L/Users/arthurnn/src/memcached/ext/rlibmemcached/lib conftest.c   >&5
configure:19291: $? = 0
configure:19308: result: none required
configure:19334: clang -std=gnu99 -o conftest -D_THREAD_SAFE  -fPIC  -O3 -fno-fast-math -ggdb3 -Wall -Wextra -Wno-unused-parameter -Wno-parentheses -Wno-long-long -Wno-missing-field-initializers -Wunused-variable -Wpointer-arith -Wwrite-strings -Wdeclaration-after-statement -Wshorten-64-to-32 -Wimplicit-function-declaration -Wdivision-by-zero -Wextra-tokens  -pipe   -pipe -I/Users/arthurnn/src/memcached/ext/rlibmemcached/include -fPIC -L. -fstack-protector -L/usr/local/opt/openssl/lib -L/usr/local/opt/readline/lib -L/usr/local/opt/libyaml/lib -L/usr/local/opt/gdbm/lib  -L. -fstack-protector -L/usr/local/opt/openssl/lib -L/usr/local/opt/readline/lib -L/usr/local/opt/libyaml/lib -L/usr/local/opt/gdbm/lib  -L/Users/arthurnn/.rubies/ruby-2.1.7/lib -L/Users/arthurnn/src/memcached/ext/rlibmemcached/lib conftest.c   -lm >&5
conftest.c:48:16: warning: implicitly declaring library function 'floorf' with type 'float (float)'
      float f= floorf((float) 1.0);
               ^
conftest.c:48:16: note: include the header <math.h> or explicitly provide a declaration for 'floorf'
conftest.c:48:13: warning: unused variable 'f' [-Wunused-variable]
      float f= floorf((float) 1.0);
            ^
2 warnings generated.
configure:19334: $? = 0
configure:19343: checking for library containing floorf
configure:19374: clang -std=gnu99 -o conftest -D_THREAD_SAFE  -fPIC  -O3 -fno-fast-math -ggdb3 -Wall -Wextra -Wno-unused-parameter -Wno-parentheses -Wno-long-long -Wno-missing-field-initializers -Wunused-variable -Wpointer-arith -Wwrite-strings -Wdeclaration-after-statement -Wshorten-64-to-32 -Wimplicit-function-declaration -Wdivision-by-zero -Wextra-tokens  -pipe   -pipe -I/Users/arthurnn/src/memcached/ext/rlibmemcached/include -fPIC -L. -fstack-protector -L/usr/local/opt/openssl/lib -L/usr/local/opt/readline/lib -L/usr/local/opt/libyaml/lib -L/usr/local/opt/gdbm/lib  -L. -fstack-protector -L/usr/local/opt/openssl/lib -L/usr/local/opt/readline/lib -L/usr/local/opt/libyaml/lib -L/usr/local/opt/gdbm/lib  -L/Users/arthurnn/.rubies/ruby-2.1.7/lib -L/Users/arthurnn/src/memcached/ext/rlibmemcached/lib conftest.c   >&5
conftest.c:48:6: warning: incompatible redeclaration of library function 'floorf' [-Wincompatible-library-redeclaration]
char floorf ();
     ^
conftest.c:48:6: note: 'floorf' is a builtin with type 'float (float)'
1 warning generated.
configure:19374: $? = 0
configure:19391: result: none required
configure:19401: checking for htonll
configure:19429: clang -std=gnu99 -o conftest -D_THREAD_SAFE  -fPIC  -O3 -fno-fast-math -ggdb3 -Wall -Wextra -Wno-unused-parameter -Wno-parentheses -Wno-long-long -Wno-missing-field-initializers -Wunused-variable -Wpointer-arith -Wwrite-strings -Wdeclaration-after-statement -Wshorten-64-to-32 -Wimplicit-function-declaration -Wdivision-by-zero -Wextra-tokens  -pipe   -pipe -I/Users/arthurnn/src/memcached/ext/rlibmemcached/include -fPIC -L. -fstack-protector -L/usr/local/opt/openssl/lib -L/usr/local/opt/readline/lib -L/usr/local/opt/libyaml/lib -L/usr/local/opt/gdbm/lib  -L. -fstack-protector -L/usr/local/opt/openssl/lib -L/usr/local/opt/readline/lib -L/usr/local/opt/libyaml/lib -L/usr/local/opt/gdbm/lib  -L/Users/arthurnn/.rubies/ruby-2.1.7/lib -L/Users/arthurnn/src/memcached/ext/rlibmemcached/lib conftest.c   >&5
configure:19429: $? = 0
configure:19429: ./conftest
configure:19429: $? = 0
configure:19442: result: yes
configure:19452: checking byteorder
configure:19482: clang -std=gnu99 -o conftest -D_THREAD_SAFE  -fPIC  -O3 -fno-fast-math -ggdb3 -Wall -Wextra -Wno-unused-parameter -Wno-parentheses -Wno-long-long -Wno-missing-field-initializers -Wunused-variable -Wpointer-arith -Wwrite-strings -Wdeclaration-after-statement -Wshorten-64-to-32 -Wimplicit-function-declaration -Wdivision-by-zero -Wextra-tokens  -pipe   -pipe -I/Users/arthurnn/src/memcached/ext/rlibmemcached/include -fPIC -L. -fstack-protector -L/usr/local/opt/openssl/lib -L/usr/local/opt/readline/lib -L/usr/local/opt/libyaml/lib -L/usr/local/opt/gdbm/lib  -L. -fstack-protector -L/usr/local/opt/openssl/lib -L/usr/local/opt/readline/lib -L/usr/local/opt/libyaml/lib -L/usr/local/opt/gdbm/lib  -L/Users/arthurnn/.rubies/ruby-2.1.7/lib -L/Users/arthurnn/src/memcached/ext/rlibmemcached/lib conftest.c   >&5
configure:19482: $? = 0
configure:19482: ./conftest
configure:19482: $? = 1
configure: program exited with status 1
configure: failed program was:
| /* confdefs.h */
| #define PACKAGE_NAME "libmemcached"
| #define PACKAGE_TARNAME "libmemcached"
| #define PACKAGE_VERSION "0.32"
| #define PACKAGE_STRING "libmemcached 0.32"
| #define PACKAGE_BUGREPORT "http://tangent.org/552/libmemcached.html"
| #define PACKAGE_URL ""
| #define STDC_HEADERS 1
| #define HAVE_SYS_TYPES_H 1
| #define HAVE_SYS_STAT_H 1
| #define HAVE_STDLIB_H 1
| #define HAVE_STRING_H 1
| #define HAVE_MEMORY_H 1
| #define HAVE_STRINGS_H 1
| #define HAVE_INTTYPES_H 1
| #define HAVE_STDINT_H 1
| #define HAVE_UNISTD_H 1
| #define __EXTENSIONS__ 1
| #define _ALL_SOURCE 1
| #define _GNU_SOURCE 1
| #define _POSIX_PTHREAD_SEMANTICS 1
| #define _TANDEM_SOURCE 1
| #define HAVE_DLFCN_H 1
| #define LT_OBJDIR ".libs/"
| #define HAVE_STDLIB_H 1
| #define HAVE_MALLOC 1
| #define HAVE_STDLIB_H 1
| #define HAVE_REALLOC 1
| #define PACKAGE "libmemcached"
| #define VERSION "0.32"
| #define STDCXX_98_HEADERS /**/
| #define HAVE_MEMORY 1
| #define HAVE_BOOST_SHARED_PTR_HPP 1
| #define SHARED_PTR_NAMESPACE std
| #define restrict __restrict
| #define TIME_WITH_SYS_TIME 1
| #define HAVE_VISIBILITY 1
| #define HAVE_ASSERT_H 1
| #define HAVE_PTHREAD 1
| #define HAVE_HTONLL 1
| /* end confdefs.h.  */
| 
| 
| #include <sys/types.h>
| #include <netinet/in.h>
| #include <inttypes.h>
| 
| int
| main ()
| {
| 
| if (htonl(5) != 5) {
|    return 1;
| }
| 
|   ;
|   return 0;
| }
| 
configure:19492: result: little endian
configure:19576: clang -std=gnu99 -o conftest -D_THREAD_SAFE  -fPIC  -O3 -fno-fast-math -ggdb3 -Wall -Wextra -Wno-unused-parameter -Wno-parentheses -Wno-long-long -Wno-missing-field-initializers -Wunused-variable -Wpointer-arith -Wwrite-strings -Wdeclaration-after-statement -Wshorten-64-to-32 -Wimplicit-function-declaration -Wdivision-by-zero -Wextra-tokens  -pipe   -pipe -I/Users/arthurnn/src/memcached/ext/rlibmemcached/include -fPIC -L. -fstack-protector -L/usr/local/opt/openssl/lib -L/usr/local/opt/readline/lib -L/usr/local/opt/libyaml/lib -L/usr/local/opt/gdbm/lib  -L. -fstack-protector -L/usr/local/opt/openssl/lib -L/usr/local/opt/readline/lib -L/usr/local/opt/libyaml/lib -L/usr/local/opt/gdbm/lib  -L/Users/arthurnn/.rubies/ruby-2.1.7/lib -L/Users/arthurnn/src/memcached/ext/rlibmemcached/lib conftest.c   >&5
configure:19576: $? = 0
configure:19576: ./conftest
configure:19576: $? = 0
configure:19624: clang -std=gnu99 -o conftest -D_THREAD_SAFE  -fPIC  -O3 -fno-fast-math -ggdb3 -Wall -Wextra -Wno-unused-parameter -Wno-parentheses -Wno-long-long -Wno-missing-field-initializers -Wunused-variable -Wpointer-arith -Wwrite-strings -Wdeclaration-after-statement -Wshorten-64-to-32 -Wimplicit-function-declaration -Wdivision-by-zero -Wextra-tokens  -pipe   -pipe -I/Users/arthurnn/src/memcached/ext/rlibmemcached/include -fPIC -L. -fstack-protector -L/usr/local/opt/openssl/lib -L/usr/local/opt/readline/lib -L/usr/local/opt/libyaml/lib -L/usr/local/opt/gdbm/lib  -L. -fstack-protector -L/usr/local/opt/openssl/lib -L/usr/local/opt/readline/lib -L/usr/local/opt/libyaml/lib -L/usr/local/opt/gdbm/lib  -L/Users/arthurnn/.rubies/ruby-2.1.7/lib -L/Users/arthurnn/src/memcached/ext/rlibmemcached/lib conftest.c   >&5
configure:19624: $? = 0
configure:19624: ./conftest
configure:19624: $? = 0
configure:19697: clang -std=gnu99 -o conftest -D_THREAD_SAFE  -fPIC  -O3 -fno-fast-math -ggdb3 -Wall -Wextra -Wno-unused-parameter -Wno-parentheses -Wno-long-long -Wno-missing-field-initializers -Wunused-variable -Wpointer-arith -Wwrite-strings -Wdeclaration-after-statement -Wshorten-64-to-32 -Wimplicit-function-declaration -Wdivision-by-zero -Wextra-tokens  -pipe   -pipe -I. -I/Users/arthurnn/src/memcached/ext/rlibmemcached/include -fPIC -L. -fstack-protector -L/usr/local/opt/openssl/lib -L/usr/local/opt/readline/lib -L/usr/local/opt/libyaml/lib -L/usr/local/opt/gdbm/lib  -L. -fstack-protector -L/usr/local/opt/openssl/lib -L/usr/local/opt/readline/lib -L/usr/local/opt/libyaml/lib -L/usr/local/opt/gdbm/lib  -L/Users/arthurnn/.rubies/ruby-2.1.7/lib -L/Users/arthurnn/src/memcached/ext/rlibmemcached/lib conftest.c   >&5
configure:19697: $? = 0
configure:19697: ./conftest
configure:19697: $? = 0
configure:19833: checking for ld used by clang -std=gnu99
configure:19900: result: /Library/Developer/CommandLineTools/usr/bin/ld
configure:19907: checking if the linker (/Library/Developer/CommandLineTools/usr/bin/ld) is GNU ld
configure:19922: result: no
configure:19929: checking for shared library run path origin
configure:19942: result: done
configure:20467: checking for libsasl
configure:20494: clang -std=gnu99 -o conftest -D_THREAD_SAFE  -fPIC  -O3 -fno-fast-math -ggdb3 -Wall -Wextra -Wno-unused-parameter -Wno-parentheses -Wno-long-long -Wno-missing-field-initializers -Wunused-variable -Wpointer-arith -Wwrite-strings -Wdeclaration-after-statement -Wshorten-64-to-32 -Wimplicit-function-declaration -Wdivision-by-zero -Wextra-tokens  -pipe   -pipe -I/Users/arthurnn/src/memcached/ext/rlibmemcached/include -fPIC -L. -fstack-protector -L/usr/local/opt/openssl/lib -L/usr/local/opt/readline/lib -L/usr/local/opt/libyaml/lib -L/usr/local/opt/gdbm/lib  -L. -fstack-protector -L/usr/local/opt/openssl/lib -L/usr/local/opt/readline/lib -L/usr/local/opt/libyaml/lib -L/usr/local/opt/gdbm/lib  -L/Users/arthurnn/.rubies/ruby-2.1.7/lib -L/Users/arthurnn/src/memcached/ext/rlibmemcached/lib conftest.c   -lsasl >&5
conftest.c:54:9: warning: 'sasl_server_init' is deprecated: first deprecated in OS X 10.11 [-Wdeprecated-declarations]
        sasl_server_init(NULL, NULL);
        ^
/usr/include/sasl/sasl.h:1016:17: note: 'sasl_server_init' has been explicitly marked deprecated here
LIBSASL_API int sasl_server_init(const sasl_callback_t *callbacks,
                ^
1 warning generated.
ld: library not found for -lsasl
clang: error: linker command failed with exit code 1 (use -v to see invocation)
configure:20494: $? = 1
configure: failed program was:
| /* confdefs.h */
| #define PACKAGE_NAME "libmemcached"
| #define PACKAGE_TARNAME "libmemcached"
| #define PACKAGE_VERSION "0.32"
| #define PACKAGE_STRING "libmemcached 0.32"
| #define PACKAGE_BUGREPORT "http://tangent.org/552/libmemcached.html"
| #define PACKAGE_URL ""
| #define STDC_HEADERS 1
| #define HAVE_SYS_TYPES_H 1
| #define HAVE_SYS_STAT_H 1
| #define HAVE_STDLIB_H 1
| #define HAVE_STRING_H 1
| #define HAVE_MEMORY_H 1
| #define HAVE_STRINGS_H 1
| #define HAVE_INTTYPES_H 1
| #define HAVE_STDINT_H 1
| #define HAVE_UNISTD_H 1
| #define __EXTENSIONS__ 1
| #define _ALL_SOURCE 1
| #define _GNU_SOURCE 1
| #define _POSIX_PTHREAD_SEMANTICS 1
| #define _TANDEM_SOURCE 1
| #define HAVE_DLFCN_H 1
| #define LT_OBJDIR ".libs/"
| #define HAVE_STDLIB_H 1
| #define HAVE_MALLOC 1
| #define HAVE_STDLIB_H 1
| #define HAVE_REALLOC 1
| #define PACKAGE "libmemcached"
| #define VERSION "0.32"
| #define STDCXX_98_HEADERS /**/
| #define HAVE_MEMORY 1
| #define HAVE_BOOST_SHARED_PTR_HPP 1
| #define SHARED_PTR_NAMESPACE std
| #define restrict __restrict
| #define TIME_WITH_SYS_TIME 1
| #define HAVE_VISIBILITY 1
| #define HAVE_ASSERT_H 1
| #define HAVE_PTHREAD 1
| #define HAVE_HTONLL 1
| #define BYTEORDER_LITTLE_ENDIAN 1
| #define HAVE_SNDTIMEO 1
| #define HAVE_RCVTIMEO 1
| #define MEMCACHED_BINARY "memcached"
| /* end confdefs.h.  */
| 
|         #include <stdlib.h>
|         #include <sasl/sasl.h>
| 
| int
| main ()
| {
| 
|         sasl_server_init(NULL, NULL);
| 
|   ;
|   return 0;
| }
configure:20504: result: no
configure:21025: checking for libsasl2
configure:21052: clang -std=gnu99 -o conftest -D_THREAD_SAFE  -fPIC  -O3 -fno-fast-math -ggdb3 -Wall -Wextra -Wno-unused-parameter -Wno-parentheses -Wno-long-long -Wno-missing-field-initializers -Wunused-variable -Wpointer-arith -Wwrite-strings -Wdeclaration-after-statement -Wshorten-64-to-32 -Wimplicit-function-declaration -Wdivision-by-zero -Wextra-tokens  -pipe   -pipe -I/Users/arthurnn/src/memcached/ext/rlibmemcached/include -fPIC -L. -fstack-protector -L/usr/local/opt/openssl/lib -L/usr/local/opt/readline/lib -L/usr/local/opt/libyaml/lib -L/usr/local/opt/gdbm/lib  -L. -fstack-protector -L/usr/local/opt/openssl/lib -L/usr/local/opt/readline/lib -L/usr/local/opt/libyaml/lib -L/usr/local/opt/gdbm/lib  -L/Users/arthurnn/.rubies/ruby-2.1.7/lib -L/Users/arthurnn/src/memcached/ext/rlibmemcached/lib conftest.c   -lsasl2 >&5
conftest.c:54:17: warning: 'sasl_server_init' is deprecated: first deprecated in OS X 10.11 [-Wdeprecated-declarations]
                sasl_server_init(NULL, NULL);
                ^
/usr/include/sasl/sasl.h:1016:17: note: 'sasl_server_init' has been explicitly marked deprecated here
LIBSASL_API int sasl_server_init(const sasl_callback_t *callbacks,
                ^
1 warning generated.
configure:21052: $? = 0
configure:21062: result: yes
configure:21069: checking how to link with libsasl2
configure:21071: result: -lsasl2
configure:21246: checking that generated files are newer than configure
configure:21252: result: done
configure:21316: creating ./config.status

## ---------------------- ##
## Running config.status. ##
## ---------------------- ##

This file was extended by libmemcached config.status 0.32, which was
generated by GNU Autoconf 2.69.  Invocation command line was

  CONFIG_FILES    = 
  CONFIG_HEADERS  = 
  CONFIG_LINKS    = 
  CONFIG_COMMANDS = 
  $ ./config.status 

on snowball

config.status:1240: creating Makefile
config.status:1240: creating clients/Makefile
config.status:1240: creating tests/Makefile
config.status:1240: creating libmemcached/Makefile
config.status:1240: creating libmemcached/memcached_configure.h
config.status:1240: creating libmemcachedutil/Makefile
config.status:1240: creating support/Makefile
config.status:1240: creating support/libmemcached.pc
config.status:1240: creating support/libmemcached.spec
config.status:1240: creating support/libmemcached-fc.spec
config.status:1240: creating config.h
config.status:1421: config.h is unchanged
config.status:1469: executing depfiles commands
config.status:1469: executing libtool commands

## ---------------- ##
## Cache variables. ##
## ---------------- ##

ac_cv_assert=yes
ac_cv_build=i386-apple-darwin15.3.0
ac_cv_building_from_bzr=no
ac_cv_building_from_hg=no
ac_cv_building_from_svn=no
ac_cv_building_from_vc=no
ac_cv_c_bigendian=no
ac_cv_c_compiler_gnu=yes
ac_cv_c_const=yes
ac_cv_c_inline=inline
ac_cv_c_restrict=__restrict
ac_cv_c_volatile=yes
ac_cv_cxx_compile_cxx0x_cxx=no
ac_cv_cxx_compile_cxx0x_gxx=no
ac_cv_cxx_compile_cxx0x_native=no
ac_cv_cxx_compiler_gnu=yes
ac_cv_cxx_stdcxx_98=yes
ac_cv_enable_dtrace=no
ac_cv_enable_hsieh_hash=no
ac_cv_env_CCC_set=
ac_cv_env_CCC_value=
ac_cv_env_CC_set=set
ac_cv_env_CC_value=clang
ac_cv_env_CFLAGS_set=set
ac_cv_env_CFLAGS_value='-fPIC  -O3 -fno-fast-math -ggdb3 -Wall -Wextra -Wno-unused-parameter -Wno-parentheses -Wno-long-long -Wno-missing-field-initializers -Wunused-variable -Wpointer-arith -Wwrite-strings -Wdeclaration-after-statement -Wshorten-64-to-32 -Wimplicit-function-declaration -Wdivision-by-zero -Wextra-tokens  -pipe   -pipe'
ac_cv_env_CPPFLAGS_set=
ac_cv_env_CPPFLAGS_value=
ac_cv_env_CPP_set=
ac_cv_env_CPP_value=
ac_cv_env_CXXCPP_set=
ac_cv_env_CXXCPP_value=
ac_cv_env_CXXFLAGS_set=
ac_cv_env_CXXFLAGS_value=
ac_cv_env_CXX_set=
ac_cv_env_CXX_value=
ac_cv_env_LDFLAGS_set=set
ac_cv_env_LDFLAGS_value='-fPIC -L. -fstack-protector -L/usr/local/opt/openssl/lib -L/usr/local/opt/readline/lib -L/usr/local/opt/libyaml/lib -L/usr/local/opt/gdbm/lib  -L. -fstack-protector -L/usr/local/opt/openssl/lib -L/usr/local/opt/readline/lib -L/usr/local/opt/libyaml/lib -L/usr/local/opt/gdbm/lib  -L/Users/arthurnn/.rubies/ruby-2.1.7/lib'
ac_cv_env_LIBS_set=
ac_cv_env_LIBS_value=
ac_cv_env_build_alias_set=
ac_cv_env_build_alias_value=
ac_cv_env_host_alias_set=
ac_cv_env_host_alias_value=
ac_cv_env_target_alias_set=
ac_cv_env_target_alias_value=
ac_cv_func_malloc_0_nonnull=yes
ac_cv_func_realloc_0_nonnull=yes
ac_cv_have_decl___ICC=no
ac_cv_have_decl___SUNPRO_C=no
ac_cv_header_assert_h=yes
ac_cv_header_boost_shared_ptr_hpp=yes
ac_cv_header_dlfcn_h=yes
ac_cv_header_inttypes_h=yes
ac_cv_header_memory=yes
ac_cv_header_memory_h=yes
ac_cv_header_minix_config_h=no
ac_cv_header_stdc=yes
ac_cv_header_stdint_h=yes
ac_cv_header_stdlib_h=yes
ac_cv_header_string_h=yes
ac_cv_header_strings_h=yes
ac_cv_header_sys_stat_h=yes
ac_cv_header_sys_types_h=yes
ac_cv_header_time=yes
ac_cv_header_tr1_memory=no
ac_cv_header_unistd_h=yes
ac_cv_host=i386-apple-darwin15.3.0
ac_cv_libsasl2=yes
ac_cv_libsasl=no
ac_cv_objext=o
ac_cv_path_EGREP='/usr/bin/grep -E'
ac_cv_path_FGREP='/usr/bin/grep -F'
ac_cv_path_GREP=/usr/bin/grep
ac_cv_path_SED=/usr/bin/sed
ac_cv_path_install='/usr/bin/install -c'
ac_cv_prog_AWK=awk
ac_cv_prog_CPP='clang -E'
ac_cv_prog_CXXCPP='g++ -E'
ac_cv_prog_PERL=perl
ac_cv_prog_ac_ct_AR=ar
ac_cv_prog_ac_ct_CC=clang
ac_cv_prog_ac_ct_CXX=g++
ac_cv_prog_ac_ct_DSYMUTIL=dsymutil
ac_cv_prog_ac_ct_LIPO=lipo
ac_cv_prog_ac_ct_NMEDIT=nmedit
ac_cv_prog_ac_ct_OTOOL=otool
ac_cv_prog_ac_ct_RANLIB=ranlib
ac_cv_prog_ac_ct_STRIP=strip
ac_cv_prog_cc_c89=
ac_cv_prog_cc_g=yes
ac_cv_prog_cxx_g=yes
ac_cv_prog_make_make_set=yes
ac_cv_safe_to_define___extensions__=yes
ac_cv_safe_to_use_Wconversion_=no
ac_cv_safe_to_use_Wlogical_op_=yes
ac_cv_safe_to_use_Wmissing_declarations_=yes
ac_cv_safe_to_use_Wredundant_decls_=yes
ac_cv_safe_to_use_fdiagnostics_show_option_=yes
ac_cv_safe_to_use_wconversion_=yes
ac_cv_sasl=yes
ac_cv_search_floorf='none required'
ac_cv_search_gethostbyname='none required'
ac_cv_search_getopt_long='none required'
ac_cv_search_socket='none required'
ac_cv_shared_ptr_namespace=std
ac_cv_sys_file_offset_bits=no
ac_cv_sys_largefile_CC=no
ac_cv_target=i386-apple-darwin15.3.0
ac_cv_type_size_t=yes
ac_cv_warnings_as_errors=no
ac_cv_with_memcached=memcached
acl_cv_hardcode_direct=no
acl_cv_hardcode_libdir_flag_spec=
acl_cv_hardcode_libdir_separator=
acl_cv_hardcode_minus_L=no
acl_cv_libext=a
acl_cv_libname_spec='lib$name'
acl_cv_library_names_spec='$libname$shrext'
acl_cv_path_LD=/Library/Developer/CommandLineTools/usr/bin/ld
acl_cv_prog_gnu_ld=no
acl_cv_rpath=done
acl_cv_shlibext=dylib
acl_cv_wl=-Wl,
am_cv_CC_dependencies_compiler_type=none
am_cv_CXX_dependencies_compiler_type=none
am_cv_make_support_nested_variables=yes
am_cv_prog_cc_c_o=yes
gl_cv_cc_visibility=yes
lt_cv_apple_cc_single_mod=yes
lt_cv_ar_at_file=no
lt_cv_deplibs_check_method=pass_all
lt_cv_file_magic_cmd='$MAGIC_CMD'
lt_cv_file_magic_test_file=
lt_cv_ld_exported_symbols_list=yes
lt_cv_ld_force_load=no
lt_cv_ld_reload_flag=-r
lt_cv_nm_interface='BSD nm'
lt_cv_objdir=.libs
lt_cv_path_LD=/Library/Developer/CommandLineTools/usr/bin/ld
lt_cv_path_LDCXX=/Library/Developer/CommandLineTools/usr/bin/ld
lt_cv_path_NM=/usr/bin/nm
lt_cv_path_mainfest_tool=no
lt_cv_prog_compiler_c_o=yes
lt_cv_prog_compiler_c_o_CXX=yes
lt_cv_prog_compiler_pic='-fno-common -DPIC'
lt_cv_prog_compiler_pic_CXX='-fno-common -DPIC'
lt_cv_prog_compiler_pic_works=yes
lt_cv_prog_compiler_pic_works_CXX=yes
lt_cv_prog_compiler_rtti_exceptions=yes
lt_cv_prog_compiler_static_works=no
lt_cv_prog_compiler_static_works_CXX=no
lt_cv_prog_gnu_ld=no
lt_cv_prog_gnu_ldcxx=no
lt_cv_sharedlib_from_linklib_cmd='printf %s\n'
lt_cv_sys_global_symbol_pipe='sed -n -e '\''s/^.*[	 ]\([BCDEGRST][BCDEGRST]*\)[	 ][	 ]*_\([_A-Za-z][_A-Za-z0-9]*\)$/\1 _\2 \2/p'\'' | sed '\''/ __gnu_lto/d'\'''
lt_cv_sys_global_symbol_to_c_name_address='sed -n -e '\''s/^: \([^ ]*\)[ ]*$/  {\"\1\", (void *) 0},/p'\'' -e '\''s/^[BCDEGRST]* \([^ ]*\) \([^ ]*\)$/  {"\2", (void *) \&\2},/p'\'''
lt_cv_sys_global_symbol_to_c_name_address_lib_prefix='sed -n -e '\''s/^: \([^ ]*\)[ ]*$/  {\"\1\", (void *) 0},/p'\'' -e '\''s/^[BCDEGRST]* \([^ ]*\) \(lib[^ ]*\)$/  {"\2", (void *) \&\2},/p'\'' -e '\''s/^[BCDEGRST]* \([^ ]*\) \([^ ]*\)$/  {"lib\2", (void *) \&\2},/p'\'''
lt_cv_sys_global_symbol_to_cdecl='sed -n -e '\''s/^T .* \(.*\)$/extern int \1();/p'\'' -e '\''s/^[BCDEGRST]* .* \(.*\)$/extern char \1;/p'\'''
lt_cv_sys_max_cmd_len=196608
lt_cv_to_host_file_cmd=func_convert_file_noop
lt_cv_to_tool_file_cmd=func_convert_file_noop

## ----------------- ##
## Output variables. ##
## ----------------- ##

ACLOCAL='aclocal-1.14'
AMDEPBACKSLASH=''
AMDEP_FALSE=''
AMDEP_TRUE='#'
AMTAR='$${TAR-tar}'
AM_BACKSLASH='\'
AM_CFLAGS=' -O3  -pedantic -Wall -Wextra -Wundef -Wshadow  -fdiagnostics-show-option -fvisibility=hidden -Wformat=2 -Wconversion -Wstrict-aliasing -Wstrict-prototypes -Wmissing-prototypes -Wredundant-decls -Wmissing-declarations -Wcast-align -Wswitch-default -Wswitch-enum -Wwrite-strings -Wlogical-op   '
AM_CPPFLAGS='-I${top_srcdir} -I${top_builddir} -ggdb3 '
AM_CXXFLAGS=' -O3  -pedantic -Wall -Wextra -Wundef -Wshadow  -fdiagnostics-show-option -fvisibility=hidden -Wformat=2 -Wconversion -Wstrict-aliasing -Woverloaded-virtual -Wnon-virtual-dtor -Wctor-dtor-privacy -Wno-long-long -Weffc++ -Wold-style-cast -Wmissing-declarations -Wredundant-decls   '
AM_DEFAULT_V='$(AM_DEFAULT_VERBOSITY)'
AM_DEFAULT_VERBOSITY='1'
AM_V='$(V)'
AR='ar'
AUTOCONF='autoconf'
AUTOHEADER='autoheader'
AUTOMAKE='automake-1.14'
AWK='awk'
BETTER_MALLOC_LIBS=''
BUILD_BYTEORDER_FALSE=''
BUILD_BYTEORDER_TRUE='#'
BUILD_LIBMEMCACHEDUTIL_FALSE=''
BUILD_LIBMEMCACHEDUTIL_TRUE='#'
CC='clang -std=gnu99'
CCDEPMODE='depmode=none'
CC_VERSION='Apple LLVM version 7.0.2 (clang-700.1.81)'
CFLAGS='-D_THREAD_SAFE  -fPIC  -O3 -fno-fast-math -ggdb3 -Wall -Wextra -Wno-unused-parameter -Wno-parentheses -Wno-long-long -Wno-missing-field-initializers -Wunused-variable -Wpointer-arith -Wwrite-strings -Wdeclaration-after-statement -Wshorten-64-to-32 -Wimplicit-function-declaration -Wdivision-by-zero -Wextra-tokens  -pipe   -pipe'
CFLAG_VISIBILITY='-fvisibility=hidden'
CPP='clang -E'
CPPFLAGS='-I/Users/arthurnn/src/memcached/ext/rlibmemcached/include'
CXX='g++'
CXXCPP='g++ -E'
CXXDEPMODE='depmode=none'
CXXFLAGS='-std=gnu++98'
CXX_VERSION='Apple LLVM version 7.0.2 (clang-700.1.81)'
CYGPATH_W='echo'
DEFS='-DHAVE_CONFIG_H'
DEPDIR='.deps'
DEPRECATED=''
DLLTOOL='false'
DOXYGEN=''
DSYMUTIL='dsymutil'
DTRACE=''
DTRACEFLAGS=''
DTRACE_NEEDS_OBJECTS_FALSE=''
DTRACE_NEEDS_OBJECTS_TRUE='#'
DUMPBIN=''
ECHO_C='\c'
ECHO_N=''
ECHO_T=''
EGREP='/usr/bin/grep -E'
EXEEXT=''
FGREP='/usr/bin/grep -F'
GREP='/usr/bin/grep'
HAVE_DTRACE_FALSE=''
HAVE_DTRACE_TRUE='#'
HAVE_LIBSASL2='yes'
HAVE_LIBSASL2_FALSE='#'
HAVE_LIBSASL2_TRUE=''
HAVE_LIBSASL='yes'
HAVE_LIBSASL_FALSE=''
HAVE_LIBSASL_TRUE='#'
HAVE_SASL_FALSE='#'
HAVE_SASL_TRUE=''
HAVE_VISIBILITY='1'
INCLUDE_HSIEH_SRC_FALSE=''
INCLUDE_HSIEH_SRC_TRUE='#'
INSTALL_DATA='${INSTALL} -m 644'
INSTALL_PROGRAM='${INSTALL}'
INSTALL_SCRIPT='${INSTALL}'
INSTALL_STRIP_PROGRAM='$(install_sh) -c -s'
ISAINFO='no'
LD='/Library/Developer/CommandLineTools/usr/bin/ld'
LDFLAGS='-fPIC -L. -fstack-protector -L/usr/local/opt/openssl/lib -L/usr/local/opt/readline/lib -L/usr/local/opt/libyaml/lib -L/usr/local/opt/gdbm/lib  -L. -fstack-protector -L/usr/local/opt/openssl/lib -L/usr/local/opt/readline/lib -L/usr/local/opt/libyaml/lib -L/usr/local/opt/gdbm/lib  -L/Users/arthurnn/.rubies/ruby-2.1.7/lib -L/Users/arthurnn/src/memcached/ext/rlibmemcached/lib'
LD_UTIL_VERSION_SCRIPT=''
LD_VERSION_SCRIPT=''
LIBC_P=''
LIBM=''
LIBMEMCACHED_WITH_SASL_SUPPORT='#define LIBMEMCACHED_WITH_SASL_SUPPORT 1'
LIBOBJS=''
LIBS=' '
LIBSASL2='-lsasl2'
LIBSASL2_PREFIX=''
LIBSASL='-lsasl2'
LIBSASL_PREFIX=''
LIBTOOL='$(SHELL) $(top_builddir)/libtool'
LIPO='lipo'
LN_S='ln -s'
LTLIBOBJS=''
LTLIBSASL2='-lsasl2'
LTLIBSASL='-lsasl2'
MAKEINFO='makeinfo'
MANIFEST_TOOL=':'
MEMCACHEDUTIL_LIBRARY_VERSION='0:0:0'
MEMCACHED_LIBRARY_VERSION='2:0:0'
MEMC_BINARY='memcached'
MKDIR_P='config/install-sh -c -d'
NM='/usr/bin/nm'
NMEDIT='nmedit'
NO_CONVERSION='-Wno-conversion'
NO_REDUNDANT_DECLS='-Wno-redundant-decls'
NO_SHADOW='-Wno-shadow'
NO_STRICT_ALIASING='-fno-strict-aliasing -Wno-strict-aliasing'
NO_UNREACHED=''
OBJDUMP='false'
OBJEXT='o'
OTOOL64=':'
OTOOL='otool'
PACKAGE='libmemcached'
PACKAGE_BUGREPORT='http://tangent.org/552/libmemcached.html'
PACKAGE_NAME='libmemcached'
PACKAGE_STRING='libmemcached 0.32'
PACKAGE_TARNAME='libmemcached'
PACKAGE_URL=''
PACKAGE_VERSION='0.32'
PATH_SEPARATOR=':'
PERL='perl'
PROTOSKIP_WARNINGS='-Wno-effc++ -Wno-shadow'
PTHREAD_CC='clang -std=gnu99'
PTHREAD_CFLAGS='-D_THREAD_SAFE '
PTHREAD_LIBS=''
RANLIB='ranlib'
SED='/usr/bin/sed'
SET_MAKE=''
SHELL='/bin/sh'
STRIP='strip'
VERSION='0.32'
ac_ct_AR='ar'
ac_ct_CC='clang'
ac_ct_CXX='g++'
ac_ct_DUMPBIN=''
acx_pthread_config=''
am__EXEEXT_FALSE=''
am__EXEEXT_TRUE='#'
am__fastdepCC_FALSE=''
am__fastdepCC_TRUE='#'
am__fastdepCXX_FALSE=''
am__fastdepCXX_TRUE='#'
am__include='include'
am__isrc=''
am__leading_dot='.'
am__nodep=''
am__quote=''
am__tar='$${TAR-tar} chof - "$$tardir"'
am__untar='$${TAR-tar} xf -'
bindir='${exec_prefix}/bin'
build='i386-apple-darwin15.3.0'
build_alias=''
build_cpu='i386'
build_os='darwin15.3.0'
build_vendor='apple'
datadir='${datarootdir}'
datarootdir='${prefix}/share'
docdir='${datarootdir}/doc/${PACKAGE_TARNAME}'
dvidir='${docdir}'
exec_prefix='${prefix}'
host='i386-apple-darwin15.3.0'
host_alias=''
host_cpu='i386'
host_os='darwin15.3.0'
host_vendor='apple'
htmldir='${docdir}'
includedir='${prefix}/include'
infodir='${datarootdir}/info'
install_sh='${SHELL} /Users/arthurnn/src/memcached/ext/rlibmemcached/libmemcached-0.32/config/install-sh'
libdir='/Users/arthurnn/src/memcached/ext/rlibmemcached/lib'
libexecdir='${exec_prefix}/libexec'
localedir='${datarootdir}/locale'
localstatedir='${prefix}/var'
mandir='${datarootdir}/man'
mkdir_p='$(MKDIR_P)'
oldincludedir='/usr/include'
pdfdir='${docdir}'
prefix='/Users/arthurnn/src/memcached/ext/rlibmemcached'
program_transform_name='s,x,x,'
psdir='${docdir}'
sbindir='${exec_prefix}/sbin'
sharedstatedir='${prefix}/com'
sysconfdir='${prefix}/etc'
target='i386-apple-darwin15.3.0'
target_alias=''
target_cpu='i386'
target_os='darwin15.3.0'
target_vendor='apple'

## ----------- ##
## confdefs.h. ##
## ----------- ##

/* confdefs.h */
#define PACKAGE_NAME "libmemcached"
#define PACKAGE_TARNAME "libmemcached"
#define PACKAGE_VERSION "0.32"
#define PACKAGE_STRING "libmemcached 0.32"
#define PACKAGE_BUGREPORT "http://tangent.org/552/libmemcached.html"
#define PACKAGE_URL ""
#define STDC_HEADERS 1
#define HAVE_SYS_TYPES_H 1
#define HAVE_SYS_STAT_H 1
#define HAVE_STDLIB_H 1
#define HAVE_STRING_H 1
#define HAVE_MEMORY_H 1
#define HAVE_STRINGS_H 1
#define HAVE_INTTYPES_H 1
#define HAVE_STDINT_H 1
#define HAVE_UNISTD_H 1
#define __EXTENSIONS__ 1
#define _ALL_SOURCE 1
#define _GNU_SOURCE 1
#define _POSIX_PTHREAD_SEMANTICS 1
#define _TANDEM_SOURCE 1
#define HAVE_DLFCN_H 1
#define LT_OBJDIR ".libs/"
#define HAVE_STDLIB_H 1
#define HAVE_MALLOC 1
#define HAVE_STDLIB_H 1
#define HAVE_REALLOC 1
#define PACKAGE "libmemcached"
#define VERSION "0.32"
#define STDCXX_98_HEADERS /**/
#define HAVE_MEMORY 1
#define HAVE_BOOST_SHARED_PTR_HPP 1
#define SHARED_PTR_NAMESPACE std
#define restrict __restrict
#define TIME_WITH_SYS_TIME 1
#define HAVE_VISIBILITY 1
#define HAVE_ASSERT_H 1
#define HAVE_PTHREAD 1
#define HAVE_HTONLL 1
#define BYTEORDER_LITTLE_ENDIAN 1
#define HAVE_SNDTIMEO 1
#define HAVE_RCVTIMEO 1
#define MEMCACHED_BINARY "memcached"
#define HAVE_LIBSASL2 1

configure: exit 0
